2025-06-02 15:42:07,823 - INFO - Application logging to file: logs/app_20250602_154207.log
2025-06-02 15:42:07,823 - INFO - Starting to monitor directory: /home/lu/Desktop/output/ with log level: DEBUG
2025-06-02 15:42:07,823 - INFO - Starting processing of existing directory: /home/lu/Desktop/output/, Train Mode: False
2025-06-02 15:42:07,823 - INFO - 
--- Processing file: nw_graph_encoded_1748869125.dot (Timestamp: 2025-06-02 14:58:45) ---
2025-06-02 15:42:07,823 - INFO - Processing update file: /home/lu/Desktop/output/nw_graph_encoded_1748869125.dot
2025-06-02 15:42:07,824 - INFO - Processing .dot file: /home/lu/Desktop/output/nw_graph_encoded_1748869125.dot
2025-06-02 15:42:07,826 - INFO - Parsed 7 nodes from '/home/lu/Desktop/output/nw_graph_encoded_1748869125.dot'.
2025-06-02 15:42:07,826 - INFO - Parsed 5 edges from '/home/lu/Desktop/output/nw_graph_encoded_1748869125.dot'.
2025-06-02 15:42:07,826 - DEBUG - Initial graph - Nodes: 7, Edges: 5
2025-06-02 15:42:07,827 - INFO - Starting NetworkX to PyG conversion.
2025-06-02 15:42:07,827 - DEBUG - Sorted node attribute keys: ['ever_connected_to_privileged_port', 'ever_listened_on_privileged_port', 'first_seen_hour_minute_cos', 'first_seen_hour_minute_sin', 'has_http_error_4xx', 'has_http_error_5xx', 'has_ssl_history', 'has_ssl_resumption', 'has_ssl_server_name', 'incoming_connection_ratio', 'last_seen_hour_minute_cos', 'last_seen_hour_minute_sin', 'most_freq_conn_state', 'most_freq_http_version', 'most_freq_proto', 'most_freq_ssl_version', 'outgoing_connection_ratio', 'service_1', 'service_2', 'service_3', 'top_proto_1', 'top_user_agent_1', 'unique_http_status_codes_seen', 'unique_http_versions_used', 'unique_local_ports_listening_on', 'unique_local_ports_used', 'unique_remote_ports_connected_from', 'unique_remote_ports_connected_to', 'unique_ssl_ciphers_used', 'unique_ssl_versions_used']
2025-06-02 15:42:07,827 - DEBUG - Initial node features tensor shape: torch.Size([7, 30])
2025-06-02 15:42:07,828 - INFO - Numerical Node Features (x) after initial standard scaling.
2025-06-02 15:42:07,828 - DEBUG - Node features tensor shape after scaling: torch.Size([7, 30])
2025-06-02 15:42:07,828 - DEBUG - Edge index tensor shape: torch.Size([2, 5])
2025-06-02 15:42:07,828 - DEBUG - Sorted edge attribute keys: ['count', 'dst_port', 'protocol', 'service', 'total_orig_bytes', 'total_orig_ip_bytes', 'total_orig_pkts', 'total_resp_bytes', 'total_resp_ip_bytes', 'total_resp_pkts']
2025-06-02 15:42:07,828 - DEBUG - Initial edge attributes tensor shape: torch.Size([5, 10])
2025-06-02 15:42:07,829 - INFO - Numerical Edge Attributes (edge_attr) after initial standard scaling.
2025-06-02 15:42:07,829 - DEBUG - Edge attributes tensor shape after scaling: torch.Size([5, 10])
2025-06-02 15:42:07,829 - INFO - Successfully converted NetworkX graph to PyG Data object.
2025-06-02 15:42:07,829 - DEBUG - Type of pytorch_data (initial): <class 'torch_geometric.data.data.Data'>
2025-06-02 15:42:07,829 - INFO - Initialized main graph with 7 nodes and 5 edges.
2025-06-02 15:42:07,829 - INFO - Initializing HybridGNNAnomalyDetector with node_dim=30, edge_dim=10, hidden_dim=64, embedding_dim=32, heads=4
2025-06-02 15:42:07,829 - INFO - Initializing GraphAutoencoder with node_dim=30, edge_dim=10, hidden_dim=64, embedding_dim=32
2025-06-02 15:42:07,871 - DEBUG - Encoder GATConv layers initialized: conv1 out_channels=256, conv2 out_channels=32
2025-06-02 15:42:07,871 - DEBUG - Decoder MLP layers initialized.
2025-06-02 15:42:07,871 - DEBUG - Anomaly scoring MLPs initialized.
2025-06-02 15:42:07,871 - INFO - Optimizer and scheduler initialized.
2025-06-02 15:42:07,872 - INFO - Replay buffer initialized with maxlen=1000, batch_size=32
2025-06-02 15:42:07,872 - INFO - RunningStats initialized.
2025-06-02 15:42:07,872 - INFO - RunningStats initialized.
2025-06-02 15:42:07,872 - INFO - Statistical controls initialized: drift_threshold=0.15
2025-06-02 15:42:07,872 - INFO - Embedding export will occur every 5 updates, saving to vis
2025-06-02 15:42:07,872 - INFO - Using device: cpu
2025-06-02 15:42:07,872 - INFO - Initialized Hybrid GNN (node_dim=30, edge_dim=10)
2025-06-02 15:42:07,872 - INFO - Performing initial training for 50 epochs...
2025-06-02 15:42:07,875 - DEBUG - Node anomaly scores shape: torch.Size([7, 1])
2025-06-02 15:42:07,875 - DEBUG - Edge anomaly scores shape: torch.Size([5, 1])
2025-06-02 15:42:07,876 - DEBUG - Global anomaly score shape: torch.Size([1, 1])
2025-06-02 15:42:07,879 - INFO - Epoch 1/50, Loss: 7.5254
2025-06-02 15:42:07,881 - DEBUG - Node anomaly scores shape: torch.Size([7, 1])
2025-06-02 15:42:07,881 - DEBUG - Edge anomaly scores shape: torch.Size([5, 1])
2025-06-02 15:42:07,882 - DEBUG - Global anomaly score shape: torch.Size([1, 1])
2025-06-02 15:42:07,885 - INFO - Epoch 2/50, Loss: 7.3046
2025-06-02 15:42:07,886 - DEBUG - Node anomaly scores shape: torch.Size([7, 1])
2025-06-02 15:42:07,886 - DEBUG - Edge anomaly scores shape: torch.Size([5, 1])
2025-06-02 15:42:07,886 - DEBUG - Global anomaly score shape: torch.Size([1, 1])
2025-06-02 15:42:07,889 - INFO - Epoch 3/50, Loss: 7.0887
2025-06-02 15:42:07,890 - DEBUG - Node anomaly scores shape: torch.Size([7, 1])
2025-06-02 15:42:07,890 - DEBUG - Edge anomaly scores shape: torch.Size([5, 1])
2025-06-02 15:42:07,891 - DEBUG - Global anomaly score shape: torch.Size([1, 1])
2025-06-02 15:42:07,893 - INFO - Epoch 4/50, Loss: 6.8717
2025-06-02 15:42:07,894 - DEBUG - Node anomaly scores shape: torch.Size([7, 1])
2025-06-02 15:42:07,895 - DEBUG - Edge anomaly scores shape: torch.Size([5, 1])
2025-06-02 15:42:07,895 - DEBUG - Global anomaly score shape: torch.Size([1, 1])
2025-06-02 15:42:07,897 - INFO - Epoch 5/50, Loss: 6.6467
2025-06-02 15:42:07,899 - DEBUG - Node anomaly scores shape: torch.Size([7, 1])
2025-06-02 15:42:07,900 - DEBUG - Edge anomaly scores shape: torch.Size([5, 1])
2025-06-02 15:42:07,900 - DEBUG - Global anomaly score shape: torch.Size([1, 1])
2025-06-02 15:42:07,902 - INFO - Epoch 6/50, Loss: 6.4131
2025-06-02 15:42:07,904 - DEBUG - Node anomaly scores shape: torch.Size([7, 1])
2025-06-02 15:42:07,904 - DEBUG - Edge anomaly scores shape: torch.Size([5, 1])
2025-06-02 15:42:07,905 - DEBUG - Global anomaly score shape: torch.Size([1, 1])
2025-06-02 15:42:07,907 - INFO - Epoch 7/50, Loss: 6.1747
2025-06-02 15:42:07,909 - DEBUG - Node anomaly scores shape: torch.Size([7, 1])
2025-06-02 15:42:07,909 - DEBUG - Edge anomaly scores shape: torch.Size([5, 1])
2025-06-02 15:42:07,909 - DEBUG - Global anomaly score shape: torch.Size([1, 1])
2025-06-02 15:42:07,912 - INFO - Epoch 8/50, Loss: 5.9281
2025-06-02 15:42:07,914 - DEBUG - Node anomaly scores shape: torch.Size([7, 1])
2025-06-02 15:42:07,914 - DEBUG - Edge anomaly scores shape: torch.Size([5, 1])
2025-06-02 15:42:07,914 - DEBUG - Global anomaly score shape: torch.Size([1, 1])
2025-06-02 15:42:07,917 - INFO - Epoch 9/50, Loss: 5.6635
2025-06-02 15:42:07,919 - DEBUG - Node anomaly scores shape: torch.Size([7, 1])
2025-06-02 15:42:07,919 - DEBUG - Edge anomaly scores shape: torch.Size([5, 1])
2025-06-02 15:42:07,919 - DEBUG - Global anomaly score shape: torch.Size([1, 1])
2025-06-02 15:42:07,922 - INFO - Epoch 10/50, Loss: 5.3818
2025-06-02 15:42:07,924 - DEBUG - Node anomaly scores shape: torch.Size([7, 1])
2025-06-02 15:42:07,924 - DEBUG - Edge anomaly scores shape: torch.Size([5, 1])
2025-06-02 15:42:07,924 - DEBUG - Global anomaly score shape: torch.Size([1, 1])
2025-06-02 15:42:07,927 - INFO - Epoch 11/50, Loss: 5.0835
2025-06-02 15:42:07,928 - DEBUG - Node anomaly scores shape: torch.Size([7, 1])
2025-06-02 15:42:07,929 - DEBUG - Edge anomaly scores shape: torch.Size([5, 1])
2025-06-02 15:42:07,929 - DEBUG - Global anomaly score shape: torch.Size([1, 1])
2025-06-02 15:42:07,932 - INFO - Epoch 12/50, Loss: 4.7757
2025-06-02 15:42:07,933 - DEBUG - Node anomaly scores shape: torch.Size([7, 1])
2025-06-02 15:42:07,933 - DEBUG - Edge anomaly scores shape: torch.Size([5, 1])
2025-06-02 15:42:07,934 - DEBUG - Global anomaly score shape: torch.Size([1, 1])
2025-06-02 15:42:07,936 - INFO - Epoch 13/50, Loss: 4.4565
2025-06-02 15:42:07,938 - DEBUG - Node anomaly scores shape: torch.Size([7, 1])
2025-06-02 15:42:07,938 - DEBUG - Edge anomaly scores shape: torch.Size([5, 1])
2025-06-02 15:42:07,938 - DEBUG - Global anomaly score shape: torch.Size([1, 1])
2025-06-02 15:42:07,941 - INFO - Epoch 14/50, Loss: 4.1243
2025-06-02 15:42:07,943 - DEBUG - Node anomaly scores shape: torch.Size([7, 1])
2025-06-02 15:42:07,943 - DEBUG - Edge anomaly scores shape: torch.Size([5, 1])
2025-06-02 15:42:07,943 - DEBUG - Global anomaly score shape: torch.Size([1, 1])
2025-06-02 15:42:07,946 - INFO - Epoch 15/50, Loss: 3.7892
2025-06-02 15:42:07,948 - DEBUG - Node anomaly scores shape: torch.Size([7, 1])
2025-06-02 15:42:07,948 - DEBUG - Edge anomaly scores shape: torch.Size([5, 1])
2025-06-02 15:42:07,948 - DEBUG - Global anomaly score shape: torch.Size([1, 1])
2025-06-02 15:42:07,951 - INFO - Epoch 16/50, Loss: 3.4517
2025-06-02 15:42:07,953 - DEBUG - Node anomaly scores shape: torch.Size([7, 1])
2025-06-02 15:42:07,953 - DEBUG - Edge anomaly scores shape: torch.Size([5, 1])
2025-06-02 15:42:07,953 - DEBUG - Global anomaly score shape: torch.Size([1, 1])
2025-06-02 15:42:07,956 - INFO - Epoch 17/50, Loss: 3.1131
2025-06-02 15:42:07,957 - DEBUG - Node anomaly scores shape: torch.Size([7, 1])
2025-06-02 15:42:07,958 - DEBUG - Edge anomaly scores shape: torch.Size([5, 1])
2025-06-02 15:42:07,958 - DEBUG - Global anomaly score shape: torch.Size([1, 1])
2025-06-02 15:42:07,960 - INFO - Epoch 18/50, Loss: 2.7780
2025-06-02 15:42:07,962 - DEBUG - Node anomaly scores shape: torch.Size([7, 1])
2025-06-02 15:42:07,962 - DEBUG - Edge anomaly scores shape: torch.Size([5, 1])
2025-06-02 15:42:07,963 - DEBUG - Global anomaly score shape: torch.Size([1, 1])
2025-06-02 15:42:07,967 - INFO - Epoch 19/50, Loss: 2.4532
2025-06-02 15:42:07,969 - DEBUG - Node anomaly scores shape: torch.Size([7, 1])
2025-06-02 15:42:07,969 - DEBUG - Edge anomaly scores shape: torch.Size([5, 1])
2025-06-02 15:42:07,969 - DEBUG - Global anomaly score shape: torch.Size([1, 1])
2025-06-02 15:42:07,972 - INFO - Epoch 20/50, Loss: 2.1498
2025-06-02 15:42:07,974 - DEBUG - Node anomaly scores shape: torch.Size([7, 1])
2025-06-02 15:42:07,974 - DEBUG - Edge anomaly scores shape: torch.Size([5, 1])
2025-06-02 15:42:07,974 - DEBUG - Global anomaly score shape: torch.Size([1, 1])
2025-06-02 15:42:07,977 - INFO - Epoch 21/50, Loss: 2.0087
2025-06-02 15:42:07,979 - DEBUG - Node anomaly scores shape: torch.Size([7, 1])
2025-06-02 15:42:07,979 - DEBUG - Edge anomaly scores shape: torch.Size([5, 1])
2025-06-02 15:42:07,979 - DEBUG - Global anomaly score shape: torch.Size([1, 1])
2025-06-02 15:42:07,982 - INFO - Epoch 22/50, Loss: 1.8846
2025-06-02 15:42:07,984 - DEBUG - Node anomaly scores shape: torch.Size([7, 1])
2025-06-02 15:42:07,984 - DEBUG - Edge anomaly scores shape: torch.Size([5, 1])
2025-06-02 15:42:07,984 - DEBUG - Global anomaly score shape: torch.Size([1, 1])
2025-06-02 15:42:07,987 - INFO - Epoch 23/50, Loss: 1.7817
2025-06-02 15:42:07,989 - DEBUG - Node anomaly scores shape: torch.Size([7, 1])
2025-06-02 15:42:07,989 - DEBUG - Edge anomaly scores shape: torch.Size([5, 1])
2025-06-02 15:42:07,989 - DEBUG - Global anomaly score shape: torch.Size([1, 1])
2025-06-02 15:42:07,992 - INFO - Epoch 24/50, Loss: 1.7036
2025-06-02 15:42:07,993 - DEBUG - Node anomaly scores shape: torch.Size([7, 1])
2025-06-02 15:42:07,994 - DEBUG - Edge anomaly scores shape: torch.Size([5, 1])
2025-06-02 15:42:07,994 - DEBUG - Global anomaly score shape: torch.Size([1, 1])
2025-06-02 15:42:07,996 - INFO - Epoch 25/50, Loss: 1.6498
2025-06-02 15:42:07,998 - DEBUG - Node anomaly scores shape: torch.Size([7, 1])
2025-06-02 15:42:07,998 - DEBUG - Edge anomaly scores shape: torch.Size([5, 1])
2025-06-02 15:42:08,001 - DEBUG - Global anomaly score shape: torch.Size([1, 1])
2025-06-02 15:42:08,003 - INFO - Epoch 26/50, Loss: 1.6099
2025-06-02 15:42:08,005 - DEBUG - Node anomaly scores shape: torch.Size([7, 1])
2025-06-02 15:42:08,005 - DEBUG - Edge anomaly scores shape: torch.Size([5, 1])
2025-06-02 15:42:08,006 - DEBUG - Global anomaly score shape: torch.Size([1, 1])
2025-06-02 15:42:08,008 - INFO - Epoch 27/50, Loss: 1.5731
2025-06-02 15:42:08,010 - DEBUG - Node anomaly scores shape: torch.Size([7, 1])
2025-06-02 15:42:08,010 - DEBUG - Edge anomaly scores shape: torch.Size([5, 1])
2025-06-02 15:42:08,011 - DEBUG - Global anomaly score shape: torch.Size([1, 1])
2025-06-02 15:42:08,013 - INFO - Epoch 28/50, Loss: 1.5290
2025-06-02 15:42:08,015 - DEBUG - Node anomaly scores shape: torch.Size([7, 1])
2025-06-02 15:42:08,015 - DEBUG - Edge anomaly scores shape: torch.Size([5, 1])
2025-06-02 15:42:08,015 - DEBUG - Global anomaly score shape: torch.Size([1, 1])
2025-06-02 15:42:08,018 - INFO - Epoch 29/50, Loss: 1.4672
2025-06-02 15:42:08,020 - DEBUG - Node anomaly scores shape: torch.Size([7, 1])
2025-06-02 15:42:08,020 - DEBUG - Edge anomaly scores shape: torch.Size([5, 1])
2025-06-02 15:42:08,020 - DEBUG - Global anomaly score shape: torch.Size([1, 1])
2025-06-02 15:42:08,023 - INFO - Epoch 30/50, Loss: 1.3854
2025-06-02 15:42:08,025 - DEBUG - Node anomaly scores shape: torch.Size([7, 1])
2025-06-02 15:42:08,025 - DEBUG - Edge anomaly scores shape: torch.Size([5, 1])
2025-06-02 15:42:08,025 - DEBUG - Global anomaly score shape: torch.Size([1, 1])
2025-06-02 15:42:08,030 - INFO - Epoch 31/50, Loss: 1.2869
2025-06-02 15:42:08,032 - DEBUG - Node anomaly scores shape: torch.Size([7, 1])
2025-06-02 15:42:08,032 - DEBUG - Edge anomaly scores shape: torch.Size([5, 1])
2025-06-02 15:42:08,037 - DEBUG - Global anomaly score shape: torch.Size([1, 1])
2025-06-02 15:42:08,047 - INFO - Epoch 32/50, Loss: 1.2209
2025-06-02 15:42:08,060 - DEBUG - Node anomaly scores shape: torch.Size([7, 1])
2025-06-02 15:42:08,061 - DEBUG - Edge anomaly scores shape: torch.Size([5, 1])
2025-06-02 15:42:08,061 - DEBUG - Global anomaly score shape: torch.Size([1, 1])
2025-06-02 15:42:08,073 - INFO - Epoch 33/50, Loss: 1.1961
2025-06-02 15:42:08,076 - DEBUG - Node anomaly scores shape: torch.Size([7, 1])
2025-06-02 15:42:08,076 - DEBUG - Edge anomaly scores shape: torch.Size([5, 1])
2025-06-02 15:42:08,076 - DEBUG - Global anomaly score shape: torch.Size([1, 1])
2025-06-02 15:42:08,085 - INFO - Epoch 34/50, Loss: 1.1707
2025-06-02 15:42:08,098 - DEBUG - Node anomaly scores shape: torch.Size([7, 1])
2025-06-02 15:42:08,099 - DEBUG - Edge anomaly scores shape: torch.Size([5, 1])
2025-06-02 15:42:08,099 - DEBUG - Global anomaly score shape: torch.Size([1, 1])
2025-06-02 15:42:08,107 - INFO - Epoch 35/50, Loss: 1.1504
2025-06-02 15:42:08,111 - DEBUG - Node anomaly scores shape: torch.Size([7, 1])
2025-06-02 15:42:08,112 - DEBUG - Edge anomaly scores shape: torch.Size([5, 1])
2025-06-02 15:42:08,112 - DEBUG - Global anomaly score shape: torch.Size([1, 1])
2025-06-02 15:42:08,118 - INFO - Epoch 36/50, Loss: 1.1355
2025-06-02 15:42:08,129 - DEBUG - Node anomaly scores shape: torch.Size([7, 1])
2025-06-02 15:42:08,129 - DEBUG - Edge anomaly scores shape: torch.Size([5, 1])
2025-06-02 15:42:08,130 - DEBUG - Global anomaly score shape: torch.Size([1, 1])
2025-06-02 15:42:08,140 - INFO - Epoch 37/50, Loss: 1.1246
2025-06-02 15:42:08,176 - DEBUG - Node anomaly scores shape: torch.Size([7, 1])
2025-06-02 15:42:08,176 - DEBUG - Edge anomaly scores shape: torch.Size([5, 1])
2025-06-02 15:42:08,177 - DEBUG - Global anomaly score shape: torch.Size([1, 1])
2025-06-02 15:42:08,182 - INFO - Epoch 38/50, Loss: 1.1178
2025-06-02 15:42:08,185 - DEBUG - Node anomaly scores shape: torch.Size([7, 1])
2025-06-02 15:42:08,185 - DEBUG - Edge anomaly scores shape: torch.Size([5, 1])
2025-06-02 15:42:08,186 - DEBUG - Global anomaly score shape: torch.Size([1, 1])
2025-06-02 15:42:08,190 - INFO - Epoch 39/50, Loss: 1.1160
2025-06-02 15:42:08,192 - DEBUG - Node anomaly scores shape: torch.Size([7, 1])
2025-06-02 15:42:08,192 - DEBUG - Edge anomaly scores shape: torch.Size([5, 1])
2025-06-02 15:42:08,193 - DEBUG - Global anomaly score shape: torch.Size([1, 1])
2025-06-02 15:42:08,196 - INFO - Epoch 40/50, Loss: 1.1085
2025-06-02 15:42:08,197 - DEBUG - Node anomaly scores shape: torch.Size([7, 1])
2025-06-02 15:42:08,198 - DEBUG - Edge anomaly scores shape: torch.Size([5, 1])
2025-06-02 15:42:08,198 - DEBUG - Global anomaly score shape: torch.Size([1, 1])
2025-06-02 15:42:08,203 - INFO - Epoch 41/50, Loss: 1.0950
2025-06-02 15:42:08,205 - DEBUG - Node anomaly scores shape: torch.Size([7, 1])
2025-06-02 15:42:08,205 - DEBUG - Edge anomaly scores shape: torch.Size([5, 1])
2025-06-02 15:42:08,206 - DEBUG - Global anomaly score shape: torch.Size([1, 1])
2025-06-02 15:42:08,209 - INFO - Epoch 42/50, Loss: 1.0746
2025-06-02 15:42:08,211 - DEBUG - Node anomaly scores shape: torch.Size([7, 1])
2025-06-02 15:42:08,211 - DEBUG - Edge anomaly scores shape: torch.Size([5, 1])
2025-06-02 15:42:08,211 - DEBUG - Global anomaly score shape: torch.Size([1, 1])
2025-06-02 15:42:08,214 - INFO - Epoch 43/50, Loss: 1.0465
2025-06-02 15:42:08,216 - DEBUG - Node anomaly scores shape: torch.Size([7, 1])
2025-06-02 15:42:08,217 - DEBUG - Edge anomaly scores shape: torch.Size([5, 1])
2025-06-02 15:42:08,217 - DEBUG - Global anomaly score shape: torch.Size([1, 1])
2025-06-02 15:42:08,220 - INFO - Epoch 44/50, Loss: 1.0076
2025-06-02 15:42:08,222 - DEBUG - Node anomaly scores shape: torch.Size([7, 1])
2025-06-02 15:42:08,222 - DEBUG - Edge anomaly scores shape: torch.Size([5, 1])
2025-06-02 15:42:08,223 - DEBUG - Global anomaly score shape: torch.Size([1, 1])
2025-06-02 15:42:08,226 - INFO - Epoch 45/50, Loss: 1.0104
2025-06-02 15:42:08,228 - DEBUG - Node anomaly scores shape: torch.Size([7, 1])
2025-06-02 15:42:08,228 - DEBUG - Edge anomaly scores shape: torch.Size([5, 1])
2025-06-02 15:42:08,228 - DEBUG - Global anomaly score shape: torch.Size([1, 1])
2025-06-02 15:42:08,231 - INFO - Epoch 46/50, Loss: 1.0189
2025-06-02 15:42:08,233 - DEBUG - Node anomaly scores shape: torch.Size([7, 1])
2025-06-02 15:42:08,233 - DEBUG - Edge anomaly scores shape: torch.Size([5, 1])
2025-06-02 15:42:08,233 - DEBUG - Global anomaly score shape: torch.Size([1, 1])
2025-06-02 15:42:08,238 - INFO - Epoch 47/50, Loss: 1.0129
2025-06-02 15:42:08,243 - DEBUG - Node anomaly scores shape: torch.Size([7, 1])
2025-06-02 15:42:08,243 - DEBUG - Edge anomaly scores shape: torch.Size([5, 1])
2025-06-02 15:42:08,244 - DEBUG - Global anomaly score shape: torch.Size([1, 1])
2025-06-02 15:42:08,270 - INFO - Epoch 48/50, Loss: 0.9974
2025-06-02 15:42:08,280 - DEBUG - Node anomaly scores shape: torch.Size([7, 1])
2025-06-02 15:42:08,282 - DEBUG - Edge anomaly scores shape: torch.Size([5, 1])
2025-06-02 15:42:08,282 - DEBUG - Global anomaly score shape: torch.Size([1, 1])
2025-06-02 15:42:08,294 - INFO - Epoch 49/50, Loss: 0.9776
2025-06-02 15:42:08,307 - DEBUG - Node anomaly scores shape: torch.Size([7, 1])
2025-06-02 15:42:08,309 - DEBUG - Edge anomaly scores shape: torch.Size([5, 1])
2025-06-02 15:42:08,309 - DEBUG - Global anomaly score shape: torch.Size([1, 1])
2025-06-02 15:42:08,318 - INFO - Epoch 50/50, Loss: 0.9517
2025-06-02 15:42:08,318 - INFO - Initial training complete.
2025-06-02 15:42:08,344 - ERROR - Error loading checkpoint from model_checkpoints/latest_checkpoint.pth: 'RunningStats' object has no attribute 'load_state_dict'
2025-06-02 15:42:08,345 - INFO - Starting or resuming online updates from step: 0
2025-06-02 15:42:08,345 - ERROR - Error loading running statistics from stats/running_stats.pkl: 'RunningStats' object has no attribute 'load_state_dict'
2025-06-02 15:42:08,345 - INFO - Running anomaly detection...
2025-06-02 15:42:08,345 - INFO - Starting anomaly detection.
2025-06-02 15:42:08,348 - DEBUG - Node reconstruction errors: [0.19872256 1.5111032  1.3970789  0.25396222 0.25396222 0.2535182
 0.23702285]
2025-06-02 15:42:08,349 - DEBUG - Edge reconstruction errors: [ 7.2954245 43.98708   44.206543  44.889122   5.821832 ]
2025-06-02 15:42:08,350 - INFO - Anomalies saved to: anomaly_logs/anomalies_20250602_154208_update_1.json
2025-06-02 15:42:08,351 - INFO - Running statistics saved to stats/running_stats.pkl
