2025-06-03 12:52:03,711 - INFO - Application logging to file: logs/app_20250603_125203.log
2025-06-03 12:52:03,711 - INFO - Starting to monitor directory: /home/lu/Desktop/output/ with log level: DEBUG
2025-06-03 12:52:03,712 - INFO - Starting processing of existing directory: /home/lu/Desktop/output/, Train Mode: train
2025-06-03 12:52:03,712 - INFO - 
--- Processing file: nw_graph_encoded_1748945537.dot (Timestamp: 2025-06-03 12:12:17) ---
2025-06-03 12:52:03,712 - INFO - Processing update from: /home/lu/Desktop/output/nw_graph_encoded_1748945537.dot
2025-06-03 12:52:03,712 - INFO - Processing /home/lu/Desktop/output/nw_graph_encoded_1748945537.dot file.
2025-06-03 12:52:03,718 - INFO - Parsed 260 nodes.
2025-06-03 12:52:03,722 - INFO - Parsed 412 edges.
2025-06-03 12:52:03,759 - INFO - Starting NetworkX to PyG conversion.
2025-06-03 12:52:03,759 - DEBUG - Sorted node attribute keys: ['outgoing_ratio', 'incoming_ratio', 'server_score', 'client_score', 'unique_protocols', 'protocol_entropy', 'most_freq_proto_ratio', 'unique_remote_ports', 'unique_local_ports', 'remote_port_diversity', 'local_port_diversity', 'privileged_remote_ratio', 'privileged_local_ratio', 'first_seen_hour_minute_sin', 'first_seen_hour_minute_cos', 'last_seen_hour_minute_sin', 'last_seen_hour_minute_cos', 'http_ratio', 'ssl_ratio']
2025-06-03 12:52:03,761 - DEBUG - Initial node features tensor shape: torch.Size([260, 19])
2025-06-03 12:52:03,773 - INFO - Numerical Node Features (x) after initial standard scaling.
2025-06-03 12:52:03,782 - DEBUG - Node features tensor shape after scaling: torch.Size([260, 19])
2025-06-03 12:52:03,782 - DEBUG - Edge index tensor shape: torch.Size([2, 412])
2025-06-03 12:52:03,783 - DEBUG - Sorted edge attribute keys: ['dst_port', 'count', 'total_orig_bytes', 'total_resp_bytes', 'total_orig_pkts', 'total_resp_pkts', 'total_orig_ip_bytes', 'total_resp_ip_bytes', 'protocol', 'service']
2025-06-03 12:52:03,785 - INFO - Fitted and transformed categorical edge feature: protocol. Unique values: 3
2025-06-03 12:52:03,786 - INFO - Fitted and transformed categorical edge feature: service. Unique values: 7
2025-06-03 12:52:03,786 - DEBUG - Shape of encoded categorical edge features: torch.Size([412, 2])
2025-06-03 12:52:03,787 - INFO - Numerical Edge Attributes after initial standard scaling.
2025-06-03 12:52:03,787 - DEBUG - Shape of scaled numerical edge features: torch.Size([412, 20])
2025-06-03 12:52:03,787 - DEBUG - Final edge attributes tensor shape: torch.Size([412, 22])
2025-06-03 12:52:03,787 - INFO - Successfully converted NetworkX graph to PyG Data object.
2025-06-03 12:52:03,788 - INFO - Initializing HybridGNNAnomalyDetector with node_dim=19, edge_dim=22, hidden_dim=128, embedding_dim=64, heads=4, num_gat_layers=3, gat_heads=4, recon_loss_type=mse, edge_recon_loss_type=bce
2025-06-03 12:52:03,788 - INFO - Initializing GraphAutoencoder with node_dim=19, edge_dim=22, hidden_dim=128, embedding_dim=64, num_gat_layers=3, gat_heads=4, use_batch_norm=True, use_residual=True
2025-06-03 12:52:03,840 - DEBUG - Encoder GATConv layers initialized with final embedding dimension: 64
2025-06-03 12:52:03,842 - DEBUG - Decoder MLP layers initialized with proper weight initialization.
2025-06-03 12:52:03,844 - DEBUG - Anomaly scoring MLPs initialized.
2025-06-03 12:52:03,844 - INFO - Optimizer (AdamW) and scheduler (CosineAnnealingWarmRestarts) initialized.
2025-06-03 12:52:03,844 - INFO - Replay buffer initialized with maxlen=2000, batch_size=8
2025-06-03 12:52:03,844 - INFO - RunningStats initialized.
2025-06-03 12:52:03,844 - INFO - RunningStats initialized.
2025-06-03 12:52:03,844 - INFO - Statistical controls initialized: drift_threshold=0.15
2025-06-03 12:52:03,845 - INFO - Using device: cpu
2025-06-03 12:52:03,845 - INFO - Initialized Hybrid GNN (node_dim=19, edge_dim=22)
2025-06-03 12:52:03,845 - INFO - Performing initial training for 100 epochs...
2025-06-03 12:52:03,846 - WARNING - Feature statistics not yet available for normalization. Skipping normalization.
2025-06-03 12:52:05,102 - DEBUG - Node anomaly scores shape: torch.Size([260, 1])
2025-06-03 12:52:05,226 - DEBUG - Edge anomaly scores shape: torch.Size([412, 1])
2025-06-03 12:52:05,285 - DEBUG - Global anomaly score shape: torch.Size([1, 1])
2025-06-03 12:52:06,798 - INFO - Epoch 1/100, Loss: 42.0402
2025-06-03 12:52:06,799 - WARNING - Feature statistics not yet available for normalization. Skipping normalization.
2025-06-03 12:52:08,059 - DEBUG - Node anomaly scores shape: torch.Size([260, 1])
2025-06-03 12:52:08,170 - DEBUG - Edge anomaly scores shape: torch.Size([412, 1])
2025-06-03 12:52:08,220 - DEBUG - Global anomaly score shape: torch.Size([1, 1])
2025-06-03 12:52:09,499 - INFO - Epoch 2/100, Loss: 37.1094
2025-06-03 12:52:09,500 - WARNING - Feature statistics not yet available for normalization. Skipping normalization.
2025-06-03 12:52:10,851 - DEBUG - Node anomaly scores shape: torch.Size([260, 1])
2025-06-03 12:52:10,959 - DEBUG - Edge anomaly scores shape: torch.Size([412, 1])
2025-06-03 12:52:11,008 - DEBUG - Global anomaly score shape: torch.Size([1, 1])
