2025-06-03 11:06:21,174 - INFO - Application logging to file: logs/app_20250603_110621.log
2025-06-03 11:06:21,175 - INFO - Starting to monitor directory: /home/lu/Desktop/output/ with log level: DEBUG
2025-06-03 11:06:21,176 - INFO - Starting processing of existing directory: /home/lu/Desktop/output/, Train Mode: train
2025-06-03 11:06:21,176 - INFO - 
--- Processing file: nw_graph_encoded_1748869365.dot (Timestamp: 2025-06-02 15:02:45) ---
2025-06-03 11:06:21,176 - INFO - Processing update from: /home/lu/Desktop/output/nw_graph_encoded_1748869365.dot
2025-06-03 11:06:21,176 - INFO - Processing /home/lu/Desktop/output/nw_graph_encoded_1748869365.dot file.
2025-06-03 11:06:47,865 - INFO - Parsed 89 nodes.
2025-06-03 11:07:01,350 - INFO - Parsed 133 edges.
2025-06-03 11:08:17,778 - INFO - Starting NetworkX to PyG conversion.
2025-06-03 11:08:17,779 - DEBUG - Sorted node attribute keys: ['outgoing_ratio', 'incoming_ratio', 'server_score', 'client_score', 'unique_protocols', 'protocol_entropy', 'most_freq_proto_ratio', 'unique_remote_ports', 'unique_local_ports', 'remote_port_diversity', 'local_port_diversity', 'privileged_remote_ratio', 'privileged_local_ratio', 'first_seen_hour_minute_sin', 'first_seen_hour_minute_cos', 'last_seen_hour_minute_sin', 'last_seen_hour_minute_cos', 'activity_span_hours', 'connection_consistency', 'http_ratio', 'user_agent_diversity', 'http_error_ratio', 'ssl_ratio', 'ssl_version_diversity', 'ssl_cipher_diversity', 'ssl_resumption_ratio', 'sni_usage_ratio', 'degree_centrality', 'betweenness_centrality', 'clustering_coefficient']
2025-06-03 11:08:17,785 - DEBUG - Initial node features tensor shape: torch.Size([89, 30])
2025-06-03 11:08:17,787 - INFO - Numerical Node Features (x) after initial standard scaling.
2025-06-03 11:08:17,788 - DEBUG - Node features tensor shape after scaling: torch.Size([89, 30])
2025-06-03 11:08:17,792 - DEBUG - Edge index tensor shape: torch.Size([2, 133])
2025-06-03 11:08:17,792 - DEBUG - Sorted edge attribute keys: ['dst_port', 'count', 'total_orig_bytes', 'total_resp_bytes', 'total_orig_pkts', 'total_resp_pkts', 'total_orig_ip_bytes', 'total_resp_ip_bytes', 'protocol', 'service']
2025-06-03 11:08:17,800 - INFO - Fitted and transformed categorical edge feature: protocol. Unique values: 3
2025-06-03 11:08:17,801 - INFO - Fitted and transformed categorical edge feature: service. Unique values: 6
2025-06-03 11:08:17,802 - DEBUG - Shape of encoded categorical edge features: torch.Size([133, 2])
2025-06-03 11:08:17,804 - INFO - Numerical Edge Attributes after initial standard scaling.
2025-06-03 11:08:17,804 - DEBUG - Shape of scaled numerical edge features: torch.Size([133, 20])
2025-06-03 11:08:17,805 - DEBUG - Final edge attributes tensor shape: torch.Size([133, 22])
2025-06-03 11:08:17,805 - INFO - Successfully converted NetworkX graph to PyG Data object.
2025-06-03 11:08:17,806 - INFO - Initializing HybridGNNAnomalyDetector with node_dim=30, edge_dim=22, hidden_dim=128, embedding_dim=64, heads=4, num_gat_layers=3, gat_heads=4, recon_loss_type=mse, edge_recon_loss_type=bce
2025-06-03 11:08:17,806 - INFO - Initializing GraphAutoencoder with node_dim=30, edge_dim=22, hidden_dim=128, embedding_dim=64, num_gat_layers=3, gat_heads=4, use_batch_norm=True, use_residual=True
2025-06-03 11:08:18,002 - DEBUG - Encoder GATConv layers initialized with final embedding dimension: 64
2025-06-03 11:08:18,005 - DEBUG - Decoder MLP layers initialized with proper weight initialization.
2025-06-03 11:08:18,008 - DEBUG - Anomaly scoring MLPs initialized.
2025-06-03 11:08:18,009 - INFO - Optimizer (AdamW) and scheduler (CosineAnnealingWarmRestarts) initialized.
2025-06-03 11:08:18,010 - INFO - Replay buffer initialized with maxlen=2000, batch_size=64
2025-06-03 11:08:18,010 - INFO - RunningStats initialized.
2025-06-03 11:08:18,011 - INFO - RunningStats initialized.
2025-06-03 11:08:18,011 - INFO - Statistical controls initialized: drift_threshold=0.15
2025-06-03 11:08:18,014 - INFO - Using device: cpu
2025-06-03 11:08:18,014 - INFO - Initialized Hybrid GNN (node_dim=30, edge_dim=22)
2025-06-03 11:08:18,015 - INFO - Performing initial training for 100 epochs...
2025-06-03 11:08:18,034 - DEBUG - Node anomaly scores shape: torch.Size([89, 1])
2025-06-03 11:08:18,036 - DEBUG - Edge anomaly scores shape: torch.Size([133, 1])
