2025-06-02 12:05:36,306 - INFO - Application logging to file: logs/app_20250602_120536.log
2025-06-02 12:05:36,307 - INFO - Starting to monitor directory: /home/lu/Desktop/output/ with log level: DEBUG
2025-06-02 12:05:36,307 - INFO - Starting processing of existing directory: /home/lu/Desktop/output/
2025-06-02 12:05:36,307 - INFO - 
--- Processing file: nw_graph_encoded_1748857304.dot (Timestamp: 2025-06-02 11:41:44) ---
2025-06-02 12:05:36,307 - INFO - Processing update file: /home/lu/Desktop/output/nw_graph_encoded_1748857304.dot
2025-06-02 12:05:36,307 - INFO - Processing .dot file: /home/lu/Desktop/output/nw_graph_encoded_1748857304.dot
2025-06-02 12:05:36,308 - INFO - Parsed 7 nodes from '/home/lu/Desktop/output/nw_graph_encoded_1748857304.dot'.
2025-06-02 12:05:36,308 - INFO - Parsed 9 edges from '/home/lu/Desktop/output/nw_graph_encoded_1748857304.dot'.
2025-06-02 12:05:36,308 - INFO - Starting NetworkX to PyG conversion.
2025-06-02 12:05:36,309 - DEBUG - Sorted node attribute keys: ['ever_connected_to_privileged_port', 'ever_listened_on_privileged_port', 'first_seen_hour_minute_cos', 'first_seen_hour_minute_sin', 'has_http_error_4xx', 'has_http_error_5xx', 'has_ssl_history', 'has_ssl_resumption', 'has_ssl_server_name', 'incoming_connection_ratio', 'last_seen_hour_minute_cos', 'last_seen_hour_minute_sin', 'most_freq_conn_state', 'most_freq_http_version', 'most_freq_proto', 'most_freq_ssl_version', 'outgoing_connection_ratio', 'service_1', 'service_2', 'service_3', 'top_proto_1', 'top_user_agent_1', 'unique_http_status_codes_seen', 'unique_http_versions_used', 'unique_local_ports_listening_on', 'unique_local_ports_used', 'unique_remote_ports_connected_from', 'unique_remote_ports_connected_to', 'unique_ssl_ciphers_used', 'unique_ssl_versions_used']
2025-06-02 12:05:36,309 - DEBUG - Initial node features tensor shape: torch.Size([7, 30])
2025-06-02 12:05:36,309 - INFO - No node feature scaling applied.
2025-06-02 12:05:36,309 - DEBUG - Node features tensor shape after scaling: torch.Size([7, 30])
2025-06-02 12:05:36,309 - DEBUG - Edge index tensor shape: torch.Size([2, 9])
2025-06-02 12:05:36,309 - DEBUG - Sorted edge attribute keys: ['conn_state_partial_other_unknown', 'conn_state_rejected_reset', 'conn_state_successful', 'protocol_ICMP', 'protocol_TCP', 'protocol_UDP', 'protocol_UNKNOWN']
2025-06-02 12:05:36,309 - DEBUG - Initial edge attributes tensor shape: torch.Size([9, 7])
2025-06-02 12:05:36,310 - INFO - No edge attributes found.
2025-06-02 12:05:36,310 - INFO - Successfully converted NetworkX graph to PyG Data object.
2025-06-02 12:05:36,310 - INFO - Initialized main graph with 7 nodes and 9 edges.
2025-06-02 12:05:36,310 - INFO - Initializing HybridGNNAnomalyDetector with node_dim=30, edge_dim=7, hidden_dim=64, embedding_dim=32, heads=4
2025-06-02 12:05:36,310 - INFO - Initializing GraphAutoencoder with node_dim=30, edge_dim=7, hidden_dim=64, embedding_dim=32
2025-06-02 12:05:36,379 - DEBUG - Encoder GATConv layers initialized: conv1 out_channels=256, conv2 out_channels=32
2025-06-02 12:05:36,380 - DEBUG - Decoder MLP layers initialized.
2025-06-02 12:05:36,381 - DEBUG - Anomaly scoring MLPs initialized.
2025-06-02 12:05:36,381 - INFO - Optimizer and scheduler initialized.
2025-06-02 12:05:36,381 - INFO - Replay buffer initialized with maxlen=1000, batch_size=32
2025-06-02 12:05:36,381 - INFO - RunningStats initialized.
2025-06-02 12:05:36,381 - INFO - RunningStats initialized.
2025-06-02 12:05:36,381 - INFO - Statistical controls initialized: drift_threshold=0.15
2025-06-02 12:05:36,382 - INFO - Embedding export will occur every 5 updates, saving to vis
2025-06-02 12:05:36,382 - INFO - Using device: cpu
2025-06-02 12:05:36,383 - INFO - Initialized Hybrid GNN (node_dim=30, edge_dim=7)
2025-06-02 12:05:36,383 - INFO - Performing initial training for 50 epochs...
2025-06-02 12:05:36,389 - DEBUG - Node anomaly scores shape: torch.Size([7, 1])
2025-06-02 12:05:36,390 - DEBUG - Edge anomaly scores shape: torch.Size([9, 1])
2025-06-02 12:05:36,391 - DEBUG - Global anomaly score shape: torch.Size([1, 1])
2025-06-02 12:05:36,397 - INFO - Epoch 1/50, Loss: 6.6336
2025-06-02 12:05:36,401 - DEBUG - Node anomaly scores shape: torch.Size([7, 1])
2025-06-02 12:05:36,401 - DEBUG - Edge anomaly scores shape: torch.Size([9, 1])
2025-06-02 12:05:36,401 - DEBUG - Global anomaly score shape: torch.Size([1, 1])
2025-06-02 12:05:36,405 - INFO - Epoch 2/50, Loss: 6.5434
2025-06-02 12:05:36,408 - DEBUG - Node anomaly scores shape: torch.Size([7, 1])
2025-06-02 12:05:36,408 - DEBUG - Edge anomaly scores shape: torch.Size([9, 1])
2025-06-02 12:05:36,409 - DEBUG - Global anomaly score shape: torch.Size([1, 1])
2025-06-02 12:05:36,412 - INFO - Epoch 3/50, Loss: 6.4604
2025-06-02 12:05:36,414 - DEBUG - Node anomaly scores shape: torch.Size([7, 1])
2025-06-02 12:05:36,414 - DEBUG - Edge anomaly scores shape: torch.Size([9, 1])
2025-06-02 12:05:36,414 - DEBUG - Global anomaly score shape: torch.Size([1, 1])
2025-06-02 12:05:36,417 - INFO - Epoch 4/50, Loss: 6.3833
2025-06-02 12:05:36,419 - DEBUG - Node anomaly scores shape: torch.Size([7, 1])
2025-06-02 12:05:36,419 - DEBUG - Edge anomaly scores shape: torch.Size([9, 1])
2025-06-02 12:05:36,420 - DEBUG - Global anomaly score shape: torch.Size([1, 1])
2025-06-02 12:05:36,423 - INFO - Epoch 5/50, Loss: 6.2975
2025-06-02 12:05:36,425 - DEBUG - Node anomaly scores shape: torch.Size([7, 1])
2025-06-02 12:05:36,425 - DEBUG - Edge anomaly scores shape: torch.Size([9, 1])
2025-06-02 12:05:36,426 - DEBUG - Global anomaly score shape: torch.Size([1, 1])
2025-06-02 12:05:36,429 - INFO - Epoch 6/50, Loss: 6.2054
2025-06-02 12:05:36,431 - DEBUG - Node anomaly scores shape: torch.Size([7, 1])
2025-06-02 12:05:36,431 - DEBUG - Edge anomaly scores shape: torch.Size([9, 1])
2025-06-02 12:05:36,431 - DEBUG - Global anomaly score shape: torch.Size([1, 1])
2025-06-02 12:05:36,434 - INFO - Epoch 7/50, Loss: 6.1132
2025-06-02 12:05:36,436 - DEBUG - Node anomaly scores shape: torch.Size([7, 1])
2025-06-02 12:05:36,437 - DEBUG - Edge anomaly scores shape: torch.Size([9, 1])
2025-06-02 12:05:36,437 - DEBUG - Global anomaly score shape: torch.Size([1, 1])
2025-06-02 12:05:36,440 - INFO - Epoch 8/50, Loss: 6.0157
2025-06-02 12:05:36,442 - DEBUG - Node anomaly scores shape: torch.Size([7, 1])
2025-06-02 12:05:36,442 - DEBUG - Edge anomaly scores shape: torch.Size([9, 1])
2025-06-02 12:05:36,442 - DEBUG - Global anomaly score shape: torch.Size([1, 1])
2025-06-02 12:05:36,445 - INFO - Epoch 9/50, Loss: 5.9120
2025-06-02 12:05:36,447 - DEBUG - Node anomaly scores shape: torch.Size([7, 1])
2025-06-02 12:05:36,447 - DEBUG - Edge anomaly scores shape: torch.Size([9, 1])
2025-06-02 12:05:36,447 - DEBUG - Global anomaly score shape: torch.Size([1, 1])
2025-06-02 12:05:36,450 - INFO - Epoch 10/50, Loss: 5.8046
2025-06-02 12:05:36,452 - DEBUG - Node anomaly scores shape: torch.Size([7, 1])
2025-06-02 12:05:36,452 - DEBUG - Edge anomaly scores shape: torch.Size([9, 1])
2025-06-02 12:05:36,453 - DEBUG - Global anomaly score shape: torch.Size([1, 1])
2025-06-02 12:05:36,456 - INFO - Epoch 11/50, Loss: 5.6922
2025-06-02 12:05:36,457 - DEBUG - Node anomaly scores shape: torch.Size([7, 1])
2025-06-02 12:05:36,458 - DEBUG - Edge anomaly scores shape: torch.Size([9, 1])
2025-06-02 12:05:36,458 - DEBUG - Global anomaly score shape: torch.Size([1, 1])
2025-06-02 12:05:36,461 - INFO - Epoch 12/50, Loss: 5.5680
2025-06-02 12:05:36,463 - DEBUG - Node anomaly scores shape: torch.Size([7, 1])
2025-06-02 12:05:36,463 - DEBUG - Edge anomaly scores shape: torch.Size([9, 1])
2025-06-02 12:05:36,464 - DEBUG - Global anomaly score shape: torch.Size([1, 1])
2025-06-02 12:05:36,467 - INFO - Epoch 13/50, Loss: 5.4299
2025-06-02 12:05:36,469 - DEBUG - Node anomaly scores shape: torch.Size([7, 1])
2025-06-02 12:05:36,469 - DEBUG - Edge anomaly scores shape: torch.Size([9, 1])
2025-06-02 12:05:36,469 - DEBUG - Global anomaly score shape: torch.Size([1, 1])
2025-06-02 12:05:36,472 - INFO - Epoch 14/50, Loss: 5.2815
2025-06-02 12:05:36,475 - DEBUG - Node anomaly scores shape: torch.Size([7, 1])
2025-06-02 12:05:36,475 - DEBUG - Edge anomaly scores shape: torch.Size([9, 1])
2025-06-02 12:05:36,475 - DEBUG - Global anomaly score shape: torch.Size([1, 1])
2025-06-02 12:05:36,478 - INFO - Epoch 15/50, Loss: 5.1209
2025-06-02 12:05:36,480 - DEBUG - Node anomaly scores shape: torch.Size([7, 1])
2025-06-02 12:05:36,480 - DEBUG - Edge anomaly scores shape: torch.Size([9, 1])
2025-06-02 12:05:36,481 - DEBUG - Global anomaly score shape: torch.Size([1, 1])
2025-06-02 12:05:36,484 - INFO - Epoch 16/50, Loss: 4.9493
2025-06-02 12:05:36,486 - DEBUG - Node anomaly scores shape: torch.Size([7, 1])
2025-06-02 12:05:36,486 - DEBUG - Edge anomaly scores shape: torch.Size([9, 1])
2025-06-02 12:05:36,486 - DEBUG - Global anomaly score shape: torch.Size([1, 1])
2025-06-02 12:05:36,489 - INFO - Epoch 17/50, Loss: 4.7664
2025-06-02 12:05:36,491 - DEBUG - Node anomaly scores shape: torch.Size([7, 1])
2025-06-02 12:05:36,492 - DEBUG - Edge anomaly scores shape: torch.Size([9, 1])
2025-06-02 12:05:36,492 - DEBUG - Global anomaly score shape: torch.Size([1, 1])
2025-06-02 12:05:36,495 - INFO - Epoch 18/50, Loss: 4.5697
2025-06-02 12:05:36,497 - DEBUG - Node anomaly scores shape: torch.Size([7, 1])
2025-06-02 12:05:36,497 - DEBUG - Edge anomaly scores shape: torch.Size([9, 1])
2025-06-02 12:05:36,497 - DEBUG - Global anomaly score shape: torch.Size([1, 1])
2025-06-02 12:05:36,500 - INFO - Epoch 19/50, Loss: 4.3601
2025-06-02 12:05:36,502 - DEBUG - Node anomaly scores shape: torch.Size([7, 1])
2025-06-02 12:05:36,503 - DEBUG - Edge anomaly scores shape: torch.Size([9, 1])
2025-06-02 12:05:36,503 - DEBUG - Global anomaly score shape: torch.Size([1, 1])
2025-06-02 12:05:36,506 - INFO - Epoch 20/50, Loss: 4.1387
2025-06-02 12:05:36,509 - DEBUG - Node anomaly scores shape: torch.Size([7, 1])
2025-06-02 12:05:36,509 - DEBUG - Edge anomaly scores shape: torch.Size([9, 1])
2025-06-02 12:05:36,510 - DEBUG - Global anomaly score shape: torch.Size([1, 1])
2025-06-02 12:05:36,513 - INFO - Epoch 21/50, Loss: 3.9098
2025-06-02 12:05:36,515 - DEBUG - Node anomaly scores shape: torch.Size([7, 1])
2025-06-02 12:05:36,515 - DEBUG - Edge anomaly scores shape: torch.Size([9, 1])
2025-06-02 12:05:36,515 - DEBUG - Global anomaly score shape: torch.Size([1, 1])
2025-06-02 12:05:36,519 - INFO - Epoch 22/50, Loss: 3.6736
2025-06-02 12:05:36,522 - DEBUG - Node anomaly scores shape: torch.Size([7, 1])
2025-06-02 12:05:36,522 - DEBUG - Edge anomaly scores shape: torch.Size([9, 1])
2025-06-02 12:05:36,522 - DEBUG - Global anomaly score shape: torch.Size([1, 1])
2025-06-02 12:05:36,526 - INFO - Epoch 23/50, Loss: 3.4301
2025-06-02 12:05:36,528 - DEBUG - Node anomaly scores shape: torch.Size([7, 1])
2025-06-02 12:05:36,528 - DEBUG - Edge anomaly scores shape: torch.Size([9, 1])
2025-06-02 12:05:36,529 - DEBUG - Global anomaly score shape: torch.Size([1, 1])
2025-06-02 12:05:36,532 - INFO - Epoch 24/50, Loss: 3.1860
2025-06-02 12:05:36,534 - DEBUG - Node anomaly scores shape: torch.Size([7, 1])
2025-06-02 12:05:36,534 - DEBUG - Edge anomaly scores shape: torch.Size([9, 1])
2025-06-02 12:05:36,535 - DEBUG - Global anomaly score shape: torch.Size([1, 1])
2025-06-02 12:05:36,538 - INFO - Epoch 25/50, Loss: 2.9485
2025-06-02 12:05:36,541 - DEBUG - Node anomaly scores shape: torch.Size([7, 1])
2025-06-02 12:05:36,541 - DEBUG - Edge anomaly scores shape: torch.Size([9, 1])
2025-06-02 12:05:36,542 - DEBUG - Global anomaly score shape: torch.Size([1, 1])
2025-06-02 12:05:36,545 - INFO - Epoch 26/50, Loss: 2.7072
2025-06-02 12:05:36,547 - DEBUG - Node anomaly scores shape: torch.Size([7, 1])
2025-06-02 12:05:36,548 - DEBUG - Edge anomaly scores shape: torch.Size([9, 1])
2025-06-02 12:05:36,548 - DEBUG - Global anomaly score shape: torch.Size([1, 1])
2025-06-02 12:05:36,552 - INFO - Epoch 27/50, Loss: 2.4775
2025-06-02 12:05:36,555 - DEBUG - Node anomaly scores shape: torch.Size([7, 1])
2025-06-02 12:05:36,555 - DEBUG - Edge anomaly scores shape: torch.Size([9, 1])
2025-06-02 12:05:36,556 - DEBUG - Global anomaly score shape: torch.Size([1, 1])
2025-06-02 12:05:36,564 - INFO - Epoch 28/50, Loss: 2.2739
2025-06-02 12:05:36,569 - DEBUG - Node anomaly scores shape: torch.Size([7, 1])
2025-06-02 12:05:36,570 - DEBUG - Edge anomaly scores shape: torch.Size([9, 1])
2025-06-02 12:05:36,570 - DEBUG - Global anomaly score shape: torch.Size([1, 1])
2025-06-02 12:05:36,580 - INFO - Epoch 29/50, Loss: 2.0945
2025-06-02 12:05:36,588 - DEBUG - Node anomaly scores shape: torch.Size([7, 1])
2025-06-02 12:05:36,589 - DEBUG - Edge anomaly scores shape: torch.Size([9, 1])
2025-06-02 12:05:36,590 - DEBUG - Global anomaly score shape: torch.Size([1, 1])
2025-06-02 12:05:36,603 - INFO - Epoch 30/50, Loss: 1.9342
2025-06-02 12:05:36,611 - DEBUG - Node anomaly scores shape: torch.Size([7, 1])
2025-06-02 12:05:36,612 - DEBUG - Edge anomaly scores shape: torch.Size([9, 1])
2025-06-02 12:05:36,614 - DEBUG - Global anomaly score shape: torch.Size([1, 1])
2025-06-02 12:05:36,629 - INFO - Epoch 31/50, Loss: 1.8037
2025-06-02 12:05:36,637 - DEBUG - Node anomaly scores shape: torch.Size([7, 1])
2025-06-02 12:05:36,638 - DEBUG - Edge anomaly scores shape: torch.Size([9, 1])
2025-06-02 12:05:36,638 - DEBUG - Global anomaly score shape: torch.Size([1, 1])
2025-06-02 12:05:36,649 - INFO - Epoch 32/50, Loss: 1.6900
2025-06-02 12:05:36,657 - DEBUG - Node anomaly scores shape: torch.Size([7, 1])
2025-06-02 12:05:36,658 - DEBUG - Edge anomaly scores shape: torch.Size([9, 1])
2025-06-02 12:05:36,659 - DEBUG - Global anomaly score shape: torch.Size([1, 1])
2025-06-02 12:05:36,677 - INFO - Epoch 33/50, Loss: 1.5871
2025-06-02 12:05:36,687 - DEBUG - Node anomaly scores shape: torch.Size([7, 1])
2025-06-02 12:05:36,688 - DEBUG - Edge anomaly scores shape: torch.Size([9, 1])
2025-06-02 12:05:36,689 - DEBUG - Global anomaly score shape: torch.Size([1, 1])
2025-06-02 12:05:36,707 - INFO - Epoch 34/50, Loss: 1.4990
2025-06-02 12:05:36,716 - DEBUG - Node anomaly scores shape: torch.Size([7, 1])
2025-06-02 12:05:36,717 - DEBUG - Edge anomaly scores shape: torch.Size([9, 1])
2025-06-02 12:05:36,718 - DEBUG - Global anomaly score shape: torch.Size([1, 1])
2025-06-02 12:05:36,731 - INFO - Epoch 35/50, Loss: 1.4117
2025-06-02 12:05:36,736 - DEBUG - Node anomaly scores shape: torch.Size([7, 1])
2025-06-02 12:05:36,737 - DEBUG - Edge anomaly scores shape: torch.Size([9, 1])
2025-06-02 12:05:36,737 - DEBUG - Global anomaly score shape: torch.Size([1, 1])
2025-06-02 12:05:36,741 - INFO - Epoch 36/50, Loss: 1.3220
2025-06-02 12:05:36,743 - DEBUG - Node anomaly scores shape: torch.Size([7, 1])
2025-06-02 12:05:36,743 - DEBUG - Edge anomaly scores shape: torch.Size([9, 1])
2025-06-02 12:05:36,743 - DEBUG - Global anomaly score shape: torch.Size([1, 1])
2025-06-02 12:05:36,746 - INFO - Epoch 37/50, Loss: 1.2365
2025-06-02 12:05:36,749 - DEBUG - Node anomaly scores shape: torch.Size([7, 1])
2025-06-02 12:05:36,749 - DEBUG - Edge anomaly scores shape: torch.Size([9, 1])
2025-06-02 12:05:36,749 - DEBUG - Global anomaly score shape: torch.Size([1, 1])
2025-06-02 12:05:36,753 - INFO - Epoch 38/50, Loss: 1.1533
2025-06-02 12:05:36,756 - DEBUG - Node anomaly scores shape: torch.Size([7, 1])
2025-06-02 12:05:36,756 - DEBUG - Edge anomaly scores shape: torch.Size([9, 1])
2025-06-02 12:05:36,756 - DEBUG - Global anomaly score shape: torch.Size([1, 1])
2025-06-02 12:05:36,769 - INFO - Epoch 39/50, Loss: 1.0665
2025-06-02 12:05:36,773 - DEBUG - Node anomaly scores shape: torch.Size([7, 1])
2025-06-02 12:05:36,774 - DEBUG - Edge anomaly scores shape: torch.Size([9, 1])
2025-06-02 12:05:36,775 - DEBUG - Global anomaly score shape: torch.Size([1, 1])
2025-06-02 12:05:36,790 - INFO - Epoch 40/50, Loss: 0.9949
2025-06-02 12:05:36,798 - DEBUG - Node anomaly scores shape: torch.Size([7, 1])
2025-06-02 12:05:36,798 - DEBUG - Edge anomaly scores shape: torch.Size([9, 1])
2025-06-02 12:05:36,799 - DEBUG - Global anomaly score shape: torch.Size([1, 1])
2025-06-02 12:05:36,810 - INFO - Epoch 41/50, Loss: 0.9328
2025-06-02 12:05:36,815 - DEBUG - Node anomaly scores shape: torch.Size([7, 1])
2025-06-02 12:05:36,815 - DEBUG - Edge anomaly scores shape: torch.Size([9, 1])
2025-06-02 12:05:36,816 - DEBUG - Global anomaly score shape: torch.Size([1, 1])
2025-06-02 12:05:36,820 - INFO - Epoch 42/50, Loss: 0.8761
2025-06-02 12:05:36,822 - DEBUG - Node anomaly scores shape: torch.Size([7, 1])
2025-06-02 12:05:36,822 - DEBUG - Edge anomaly scores shape: torch.Size([9, 1])
2025-06-02 12:05:36,822 - DEBUG - Global anomaly score shape: torch.Size([1, 1])
2025-06-02 12:05:36,825 - INFO - Epoch 43/50, Loss: 0.8424
2025-06-02 12:05:36,827 - DEBUG - Node anomaly scores shape: torch.Size([7, 1])
2025-06-02 12:05:36,827 - DEBUG - Edge anomaly scores shape: torch.Size([9, 1])
2025-06-02 12:05:36,827 - DEBUG - Global anomaly score shape: torch.Size([1, 1])
2025-06-02 12:05:36,831 - INFO - Epoch 44/50, Loss: 0.8162
2025-06-02 12:05:36,833 - DEBUG - Node anomaly scores shape: torch.Size([7, 1])
2025-06-02 12:05:36,833 - DEBUG - Edge anomaly scores shape: torch.Size([9, 1])
2025-06-02 12:05:36,833 - DEBUG - Global anomaly score shape: torch.Size([1, 1])
2025-06-02 12:05:36,836 - INFO - Epoch 45/50, Loss: 0.7981
2025-06-02 12:05:36,838 - DEBUG - Node anomaly scores shape: torch.Size([7, 1])
2025-06-02 12:05:36,838 - DEBUG - Edge anomaly scores shape: torch.Size([9, 1])
2025-06-02 12:05:36,839 - DEBUG - Global anomaly score shape: torch.Size([1, 1])
2025-06-02 12:05:36,841 - INFO - Epoch 46/50, Loss: 0.7955
2025-06-02 12:05:36,843 - DEBUG - Node anomaly scores shape: torch.Size([7, 1])
2025-06-02 12:05:36,844 - DEBUG - Edge anomaly scores shape: torch.Size([9, 1])
2025-06-02 12:05:36,844 - DEBUG - Global anomaly score shape: torch.Size([1, 1])
2025-06-02 12:05:36,847 - INFO - Epoch 47/50, Loss: 0.7978
2025-06-02 12:05:36,849 - DEBUG - Node anomaly scores shape: torch.Size([7, 1])
2025-06-02 12:05:36,849 - DEBUG - Edge anomaly scores shape: torch.Size([9, 1])
2025-06-02 12:05:36,849 - DEBUG - Global anomaly score shape: torch.Size([1, 1])
2025-06-02 12:05:36,852 - INFO - Epoch 48/50, Loss: 0.8003
2025-06-02 12:05:36,854 - DEBUG - Node anomaly scores shape: torch.Size([7, 1])
2025-06-02 12:05:36,854 - DEBUG - Edge anomaly scores shape: torch.Size([9, 1])
2025-06-02 12:05:36,854 - DEBUG - Global anomaly score shape: torch.Size([1, 1])
2025-06-02 12:05:36,858 - INFO - Epoch 49/50, Loss: 0.8043
2025-06-02 12:05:36,860 - DEBUG - Node anomaly scores shape: torch.Size([7, 1])
2025-06-02 12:05:36,860 - DEBUG - Edge anomaly scores shape: torch.Size([9, 1])
2025-06-02 12:05:36,860 - DEBUG - Global anomaly score shape: torch.Size([1, 1])
2025-06-02 12:05:36,864 - INFO - Epoch 50/50, Loss: 0.8129
2025-06-02 12:05:36,864 - INFO - Initial training complete.
2025-06-02 12:05:36,868 - INFO - Checkpoint loaded from model_checkpoints/latest_checkpoint.pth at epoch 1
2025-06-02 12:05:36,868 - INFO - Starting or resuming online updates from step: 1
2025-06-02 12:05:36,868 - INFO - Running statistics loaded from stats/running_stats.pkl
2025-06-02 12:05:36,868 - INFO - Running anomaly detection...
2025-06-02 12:05:36,869 - INFO - Starting anomaly detection.
2025-06-02 12:05:36,871 - DEBUG - Node reconstruction errors: [9.195613  7.85541   9.22752   9.195613  7.959851  8.918563  4.1263247]
2025-06-02 12:05:36,872 - DEBUG - Edge reconstruction errors: [0.19362709 0.19362709 0.1822334  0.1822334  0.18432021 0.20736381
 0.20736377 0.1660195  0.1660195 ]
2025-06-02 12:05:36,872 - INFO - Anomalies saved to: anomaly_logs/anomalies_20250602_120536_update_1.json
2025-06-02 12:05:36,873 - INFO - Running statistics saved to stats/running_stats.pkl
2025-06-02 12:05:36,876 - INFO - Checkpoint saved to model_checkpoints/checkpoint_20250602_120536_update_1.pth
2025-06-02 12:05:36,877 - INFO - 
Global anomaly score (after nw_graph_encoded_1748857304.dot): 1.0000
2025-06-02 12:05:36,877 - INFO - No significant node anomalies detected (reconstruction-based)
2025-06-02 12:05:36,877 - INFO - No significant edge anomalies detected (reconstruction-based)
2025-06-02 12:05:36,879 - DEBUG - Embedding standard deviations before t-SNE: [0.2908275  0.         0.65327746 0.19911048 0.         0.
 0.609574   0.         0.37433222 0.29706243 0.5281526  0.
 0.32884744 0.62301576 0.10535318 0.75825685 0.18928197 0.5201126
 0.         0.         0.2930796  0.5010867  0.7054647  0.583719
 0.25367844 0.16739045 0.25487784 0.26297882 0.09223057 0.19303992
 0.66937363 0.1820264 ]
2025-06-02 12:05:36,931 - DEBUG - Loaded backend module://backend_interagg version unknown.
2025-06-02 12:05:37,023 - INFO - Embeddings visualization saved to vis/embeddings_1_updates_20250602_120536.png
2025-06-02 12:05:37,024 - INFO - Performing visualization of node and edge features.
2025-06-02 12:05:37,024 - INFO - Starting visualization of node features.
2025-06-02 12:05:37,024 - INFO - Graph has 7 nodes and 30 features.
2025-06-02 12:05:37,024 - INFO - Feature names: ever_connected_to_privileged_port, ever_listened_on_privileged_port, first_seen_hour_minute_cos, first_seen_hour_minute_sin, has_http_error_4xx, has_http_error_5xx, has_ssl_history, has_ssl_resumption, has_ssl_server_name, incoming_connection_ratio, last_seen_hour_minute_cos, last_seen_hour_minute_sin, most_freq_conn_state, most_freq_http_version, most_freq_proto, most_freq_ssl_version, outgoing_connection_ratio, service_1, service_2, service_3, top_proto_1, top_user_agent_1, unique_http_status_codes_seen, unique_http_versions_used, unique_local_ports_listening_on, unique_local_ports_used, unique_remote_ports_connected_from, unique_remote_ports_connected_to, unique_ssl_ciphers_used, unique_ssl_versions_used
2025-06-02 12:05:37,024 - INFO - Calculating feature statistics:
2025-06-02 12:05:37,024 - INFO - - ever_connected_to_privileged_port: {'name': 'ever_connected_to_privileged_port', 'unique': 1, 'mean': np.float32(0.0), 'std': np.float32(0.0), 'min': np.float32(0.0), 'max': np.float32(0.0)}
2025-06-02 12:05:37,024 - INFO - - ever_listened_on_privileged_port: {'name': 'ever_listened_on_privileged_port', 'unique': 1, 'mean': np.float32(0.0), 'std': np.float32(0.0), 'min': np.float32(0.0), 'max': np.float32(0.0)}
2025-06-02 12:05:37,024 - INFO - - first_seen_hour_minute_cos: {'name': 'first_seen_hour_minute_cos', 'unique': 1, 'mean': np.float32(-0.9840411), 'std': np.float32(1.1920929e-07), 'min': np.float32(-0.984041), 'max': np.float32(-0.984041)}
2025-06-02 12:05:37,024 - INFO - - first_seen_hour_minute_sin: {'name': 'first_seen_hour_minute_sin', 'unique': 1, 'mean': np.float32(-0.17794402), 'std': np.float32(1.4901161e-08), 'min': np.float32(-0.177944), 'max': np.float32(-0.177944)}
2025-06-02 12:05:37,024 - INFO - - has_http_error_4xx: {'name': 'has_http_error_4xx', 'unique': 1, 'mean': np.float32(0.0), 'std': np.float32(0.0), 'min': np.float32(0.0), 'max': np.float32(0.0)}
2025-06-02 12:05:37,024 - INFO - - has_http_error_5xx: {'name': 'has_http_error_5xx', 'unique': 1, 'mean': np.float32(0.0), 'std': np.float32(0.0), 'min': np.float32(0.0), 'max': np.float32(0.0)}
2025-06-02 12:05:37,024 - INFO - - has_ssl_history: {'name': 'has_ssl_history', 'unique': 1, 'mean': np.float32(0.0), 'std': np.float32(0.0), 'min': np.float32(0.0), 'max': np.float32(0.0)}
2025-06-02 12:05:37,024 - INFO - - has_ssl_resumption: {'name': 'has_ssl_resumption', 'unique': 1, 'mean': np.float32(0.0), 'std': np.float32(0.0), 'min': np.float32(0.0), 'max': np.float32(0.0)}
2025-06-02 12:05:37,025 - INFO - - has_ssl_server_name: {'name': 'has_ssl_server_name', 'unique': 2, 'mean': np.float32(0.5714286), 'std': np.float32(0.49487165), 'min': np.float32(0.0), 'max': np.float32(1.0)}
2025-06-02 12:05:37,025 - INFO - - incoming_connection_ratio: {'name': 'incoming_connection_ratio', 'unique': 2, 'mean': np.float32(0.85714287), 'std': np.float32(0.3499271), 'min': np.float32(0.0), 'max': np.float32(1.0)}
2025-06-02 12:05:37,025 - INFO - - last_seen_hour_minute_cos: {'name': 'last_seen_hour_minute_cos', 'unique': 1, 'mean': np.float32(-0.99656594), 'std': np.float32(5.9604645e-08), 'min': np.float32(-0.996566), 'max': np.float32(-0.996566)}
2025-06-02 12:05:37,025 - INFO - - last_seen_hour_minute_sin: {'name': 'last_seen_hour_minute_sin', 'unique': 1, 'mean': np.float32(0.0828082), 'std': np.float32(0.0), 'min': np.float32(0.0828082), 'max': np.float32(0.0828082)}
2025-06-02 12:05:37,025 - INFO - - most_freq_conn_state: {'name': 'most_freq_conn_state', 'unique': 2, 'mean': np.float32(2.857143), 'std': np.float32(0.98974335), 'min': np.float32(2.0), 'max': np.float32(4.0)}
2025-06-02 12:05:37,025 - INFO - - most_freq_http_version: {'name': 'most_freq_http_version', 'unique': 1, 'mean': np.float32(3.0), 'std': np.float32(0.0), 'min': np.float32(3.0), 'max': np.float32(3.0)}
2025-06-02 12:05:37,025 - INFO - - most_freq_proto: {'name': 'most_freq_proto', 'unique': 2, 'mean': np.float32(0.14285715), 'std': np.float32(0.3499271), 'min': np.float32(0.0), 'max': np.float32(1.0)}
2025-06-02 12:05:37,025 - INFO - - most_freq_ssl_version: {'name': 'most_freq_ssl_version', 'unique': 2, 'mean': np.float32(4.428571), 'std': np.float32(0.49487165), 'min': np.float32(4.0), 'max': np.float32(5.0)}
2025-06-02 12:05:37,025 - INFO - - outgoing_connection_ratio: {'name': 'outgoing_connection_ratio', 'unique': 2, 'mean': np.float32(0.14285715), 'std': np.float32(0.3499271), 'min': np.float32(0.0), 'max': np.float32(1.0)}
2025-06-02 12:05:37,025 - INFO - - service_1: {'name': 'service_1', 'unique': 3, 'mean': np.float32(1.2857143), 'std': np.float32(1.1605769), 'min': np.float32(0.0), 'max': np.float32(3.0)}
2025-06-02 12:05:37,025 - INFO - - service_2: {'name': 'service_2', 'unique': 2, 'mean': np.float32(7.285714), 'std': np.float32(1.7496356), 'min': np.float32(3.0), 'max': np.float32(8.0)}
2025-06-02 12:05:37,025 - INFO - - service_3: {'name': 'service_3', 'unique': 2, 'mean': np.float32(7.142857), 'std': np.float32(2.0995626), 'min': np.float32(2.0), 'max': np.float32(8.0)}
2025-06-02 12:05:37,025 - INFO - - top_proto_1: {'name': 'top_proto_1', 'unique': 2, 'mean': np.float32(0.14285715), 'std': np.float32(0.3499271), 'min': np.float32(0.0), 'max': np.float32(1.0)}
2025-06-02 12:05:37,025 - INFO - - top_user_agent_1: {'name': 'top_user_agent_1', 'unique': 1, 'mean': np.float32(8.0), 'std': np.float32(0.0), 'min': np.float32(8.0), 'max': np.float32(8.0)}
2025-06-02 12:05:37,025 - INFO - - unique_http_status_codes_seen: {'name': 'unique_http_status_codes_seen', 'unique': 1, 'mean': np.float32(0.0), 'std': np.float32(0.0), 'min': np.float32(0.0), 'max': np.float32(0.0)}
2025-06-02 12:05:37,025 - INFO - - unique_http_versions_used: {'name': 'unique_http_versions_used', 'unique': 1, 'mean': np.float32(0.0), 'std': np.float32(0.0), 'min': np.float32(0.0), 'max': np.float32(0.0)}
2025-06-02 12:05:37,026 - INFO - - unique_local_ports_listening_on: {'name': 'unique_local_ports_listening_on', 'unique': 1, 'mean': np.float32(0.0), 'std': np.float32(0.0), 'min': np.float32(0.0), 'max': np.float32(0.0)}
2025-06-02 12:05:37,026 - INFO - - unique_local_ports_used: {'name': 'unique_local_ports_used', 'unique': 1, 'mean': np.float32(0.0), 'std': np.float32(0.0), 'min': np.float32(0.0), 'max': np.float32(0.0)}
2025-06-02 12:05:37,026 - INFO - - unique_remote_ports_connected_from: {'name': 'unique_remote_ports_connected_from', 'unique': 1, 'mean': np.float32(0.0), 'std': np.float32(0.0), 'min': np.float32(0.0), 'max': np.float32(0.0)}
2025-06-02 12:05:37,026 - INFO - - unique_remote_ports_connected_to: {'name': 'unique_remote_ports_connected_to', 'unique': 1, 'mean': np.float32(0.0), 'std': np.float32(0.0), 'min': np.float32(0.0), 'max': np.float32(0.0)}
2025-06-02 12:05:37,026 - INFO - - unique_ssl_ciphers_used: {'name': 'unique_ssl_ciphers_used', 'unique': 2, 'mean': np.float32(0.5714286), 'std': np.float32(0.49487165), 'min': np.float32(0.0), 'max': np.float32(1.0)}
2025-06-02 12:05:37,026 - INFO - - unique_ssl_versions_used: {'name': 'unique_ssl_versions_used', 'unique': 2, 'mean': np.float32(0.5714286), 'std': np.float32(0.49487165), 'min': np.float32(0.0), 'max': np.float32(1.0)}
2025-06-02 12:05:37,040 - DEBUG - locator: <matplotlib.ticker.AutoLocator object at 0x79f32b3ac860>
2025-06-02 12:05:37,162 - DEBUG - Plotted correlation matrix of node features.
2025-06-02 12:05:37,220 - DEBUG - Plotted ranges of node feature values.
2025-06-02 12:05:37,249 - DEBUG - Plotted sparsity of node features.
2025-06-02 12:05:37,879 - ERROR - Error during visualization: [Errno 2] No such file or directory: 'vis/node_features_20250602_120537.png'
2025-06-02 12:05:37,879 - INFO - 
--- Processing file: nw_graph_encoded_1748857334.dot (Timestamp: 2025-06-02 11:42:14) ---
2025-06-02 12:05:37,879 - INFO - Processing update file: /home/lu/Desktop/output/nw_graph_encoded_1748857334.dot
2025-06-02 12:05:37,879 - INFO - Updating NetworkX graph from '/home/lu/Desktop/output/nw_graph_encoded_1748857334.dot'.
2025-06-02 12:05:37,879 - INFO - Processing .dot file: /home/lu/Desktop/output/nw_graph_encoded_1748857334.dot
2025-06-02 12:05:37,880 - INFO - Parsed 13 nodes from '/home/lu/Desktop/output/nw_graph_encoded_1748857334.dot'.
2025-06-02 12:05:37,880 - INFO - Parsed 23 edges from '/home/lu/Desktop/output/nw_graph_encoded_1748857334.dot'.
2025-06-02 12:05:37,880 - INFO - Processing node updates/additions.
2025-06-02 12:05:37,880 - DEBUG - Added node: 8.8.8.8 with attributes {'most_freq_proto': 1.0, 'most_freq_conn_state': 2.0, 'top_proto_1': 1.0, 'service_1': 3.0, 'service_2': 8.0, 'service_3': 8.0, 'top_user_agent_1': 8.0, 'first_seen_hour_minute_sin': -0.182236, 'first_seen_hour_minute_cos': -0.983255, 'last_seen_hour_minute_sin': 0.0784591, 'last_seen_hour_minute_cos': -0.996917, 'outgoing_connection_ratio': 0.0, 'incoming_connection_ratio': 1.0, 'unique_remote_ports_connected_to': 0.0, 'unique_local_ports_used': 0.0, 'unique_remote_ports_connected_from': 0.0, 'unique_local_ports_listening_on': 0.0, 'ever_connected_to_privileged_port': 0.0, 'ever_listened_on_privileged_port': 0.0, 'unique_http_versions_used': 0.0, 'most_freq_http_version': 3.0, 'unique_http_status_codes_seen': 0.0, 'has_http_error_4xx': 0.0, 'has_http_error_5xx': 0.0, 'unique_ssl_versions_used': 0.0, 'most_freq_ssl_version': 5.0, 'unique_ssl_ciphers_used': 0.0, 'has_ssl_resumption': 0.0, 'has_ssl_server_name': 0.0, 'has_ssl_history': 0.0}.
2025-06-02 12:05:37,880 - DEBUG - Added node: 192.168.27.12 with attributes {'most_freq_proto': 1.0, 'most_freq_conn_state': 2.0, 'top_proto_1': 1.0, 'service_1': 3.0, 'service_2': 8.0, 'service_3': 8.0, 'top_user_agent_1': 8.0, 'first_seen_hour_minute_sin': -0.182236, 'first_seen_hour_minute_cos': -0.983255, 'last_seen_hour_minute_sin': 0.0784591, 'last_seen_hour_minute_cos': -0.996917, 'outgoing_connection_ratio': 1.0, 'incoming_connection_ratio': 0.0, 'unique_remote_ports_connected_to': 0.0, 'unique_local_ports_used': 0.0, 'unique_remote_ports_connected_from': 0.0, 'unique_local_ports_listening_on': 0.0, 'ever_connected_to_privileged_port': 0.0, 'ever_listened_on_privileged_port': 0.0, 'unique_http_versions_used': 0.0, 'most_freq_http_version': 3.0, 'unique_http_status_codes_seen': 0.0, 'has_http_error_4xx': 0.0, 'has_http_error_5xx': 0.0, 'unique_ssl_versions_used': 0.0, 'most_freq_ssl_version': 5.0, 'unique_ssl_ciphers_used': 0.0, 'has_ssl_resumption': 0.0, 'has_ssl_server_name': 0.0, 'has_ssl_history': 0.0}.
2025-06-02 12:05:37,880 - DEBUG - Added node: 192.168.239.101 with attributes {'most_freq_proto': 0.0, 'most_freq_conn_state': 2.0, 'top_proto_1': 0.0, 'service_1': 1.0, 'service_2': 2.0, 'service_3': 8.0, 'top_user_agent_1': 1.0, 'first_seen_hour_minute_sin': -0.182236, 'first_seen_hour_minute_cos': -0.983255, 'last_seen_hour_minute_sin': 0.0784591, 'last_seen_hour_minute_cos': -0.996917, 'outgoing_connection_ratio': 0.0, 'incoming_connection_ratio': 1.0, 'unique_remote_ports_connected_to': 0.0, 'unique_local_ports_used': 0.0, 'unique_remote_ports_connected_from': 0.0, 'unique_local_ports_listening_on': 0.0, 'ever_connected_to_privileged_port': 0.0, 'ever_listened_on_privileged_port': 0.0, 'unique_http_versions_used': 1.0, 'most_freq_http_version': 1.0, 'unique_http_status_codes_seen': 1.0, 'has_http_error_4xx': 0.0, 'has_http_error_5xx': 0.0, 'unique_ssl_versions_used': 1.0, 'most_freq_ssl_version': 4.0, 'unique_ssl_ciphers_used': 1.0, 'has_ssl_resumption': 0.0, 'has_ssl_server_name': 1.0, 'has_ssl_history': 0.0}.
2025-06-02 12:05:37,880 - DEBUG - Added node: 192.168.27.13 with attributes {'most_freq_proto': 0.0, 'most_freq_conn_state': 2.0, 'top_proto_1': 0.0, 'service_1': 3.0, 'service_2': 1.0, 'service_3': 2.0, 'top_user_agent_1': 8.0, 'first_seen_hour_minute_sin': -0.182236, 'first_seen_hour_minute_cos': -0.983255, 'last_seen_hour_minute_sin': 0.0784591, 'last_seen_hour_minute_cos': -0.996917, 'outgoing_connection_ratio': 1.0, 'incoming_connection_ratio': 0.0, 'unique_remote_ports_connected_to': 0.0, 'unique_local_ports_used': 0.0, 'unique_remote_ports_connected_from': 0.0, 'unique_local_ports_listening_on': 0.0, 'ever_connected_to_privileged_port': 0.0, 'ever_listened_on_privileged_port': 0.0, 'unique_http_versions_used': 1.0, 'most_freq_http_version': 1.0, 'unique_http_status_codes_seen': 1.0, 'has_http_error_4xx': 0.0, 'has_http_error_5xx': 0.0, 'unique_ssl_versions_used': 1.0, 'most_freq_ssl_version': 4.0, 'unique_ssl_ciphers_used': 1.0, 'has_ssl_resumption': 0.0, 'has_ssl_server_name': 1.0, 'has_ssl_history': 0.0}.
2025-06-02 12:05:37,880 - DEBUG - Updated node: 23.219.73.192 with attributes {'most_freq_proto': 0.0, 'most_freq_conn_state': 4.0, 'top_proto_1': 0.0, 'service_1': 2.0, 'service_2': 8.0, 'service_3': 8.0, 'top_user_agent_1': 8.0, 'first_seen_hour_minute_sin': -0.177944, 'first_seen_hour_minute_cos': -0.984041, 'last_seen_hour_minute_sin': 0.0828082, 'last_seen_hour_minute_cos': -0.996566, 'outgoing_connection_ratio': 0.0, 'incoming_connection_ratio': 1.0, 'unique_remote_ports_connected_to': 0.0, 'unique_local_ports_used': 0.0, 'unique_remote_ports_connected_from': 0.0, 'unique_local_ports_listening_on': 0.0, 'ever_connected_to_privileged_port': 0.0, 'ever_listened_on_privileged_port': 0.0, 'unique_http_versions_used': 0.0, 'most_freq_http_version': 3.0, 'unique_http_status_codes_seen': 0.0, 'has_http_error_4xx': 0.0, 'has_http_error_5xx': 0.0, 'unique_ssl_versions_used': 1.0, 'most_freq_ssl_version': 4.0, 'unique_ssl_ciphers_used': 1.0, 'has_ssl_resumption': 0.0, 'has_ssl_server_name': 1.0, 'has_ssl_history': 0.0}.
2025-06-02 12:05:37,880 - DEBUG - Added node: 173.223.86.127 with attributes {'most_freq_proto': 0.0, 'most_freq_conn_state': 4.0, 'top_proto_1': 0.0, 'service_1': 2.0, 'service_2': 8.0, 'service_3': 8.0, 'top_user_agent_1': 8.0, 'first_seen_hour_minute_sin': -0.177944, 'first_seen_hour_minute_cos': -0.984041, 'last_seen_hour_minute_sin': 0.0828082, 'last_seen_hour_minute_cos': -0.996566, 'outgoing_connection_ratio': 0.0, 'incoming_connection_ratio': 1.0, 'unique_remote_ports_connected_to': 0.0, 'unique_local_ports_used': 0.0, 'unique_remote_ports_connected_from': 0.0, 'unique_local_ports_listening_on': 0.0, 'ever_connected_to_privileged_port': 0.0, 'ever_listened_on_privileged_port': 0.0, 'unique_http_versions_used': 0.0, 'most_freq_http_version': 3.0, 'unique_http_status_codes_seen': 0.0, 'has_http_error_4xx': 0.0, 'has_http_error_5xx': 0.0, 'unique_ssl_versions_used': 1.0, 'most_freq_ssl_version': 4.0, 'unique_ssl_ciphers_used': 1.0, 'has_ssl_resumption': 0.0, 'has_ssl_server_name': 1.0, 'has_ssl_history': 0.0}.
2025-06-02 12:05:37,881 - DEBUG - Updated node: 23.200.152.33 with attributes {'most_freq_proto': 0.0, 'most_freq_conn_state': 2.0, 'top_proto_1': 0.0, 'service_1': 0.0, 'service_2': 8.0, 'service_3': 8.0, 'top_user_agent_1': 8.0, 'first_seen_hour_minute_sin': -0.177944, 'first_seen_hour_minute_cos': -0.984041, 'last_seen_hour_minute_sin': 0.0828082, 'last_seen_hour_minute_cos': -0.996566, 'outgoing_connection_ratio': 0.0, 'incoming_connection_ratio': 1.0, 'unique_remote_ports_connected_to': 0.0, 'unique_local_ports_used': 0.0, 'unique_remote_ports_connected_from': 0.0, 'unique_local_ports_listening_on': 0.0, 'ever_connected_to_privileged_port': 0.0, 'ever_listened_on_privileged_port': 0.0, 'unique_http_versions_used': 0.0, 'most_freq_http_version': 3.0, 'unique_http_status_codes_seen': 0.0, 'has_http_error_4xx': 0.0, 'has_http_error_5xx': 0.0, 'unique_ssl_versions_used': 0.0, 'most_freq_ssl_version': 5.0, 'unique_ssl_ciphers_used': 0.0, 'has_ssl_resumption': 0.0, 'has_ssl_server_name': 0.0, 'has_ssl_history': 0.0}.
2025-06-02 12:05:37,881 - DEBUG - Updated node: 1.1.1.1 with attributes {'most_freq_proto': 1.0, 'most_freq_conn_state': 2.0, 'top_proto_1': 1.0, 'service_1': 3.0, 'service_2': 8.0, 'service_3': 8.0, 'top_user_agent_1': 8.0, 'first_seen_hour_minute_sin': -0.177944, 'first_seen_hour_minute_cos': -0.984041, 'last_seen_hour_minute_sin': 0.0784591, 'last_seen_hour_minute_cos': -0.996917, 'outgoing_connection_ratio': 0.0, 'incoming_connection_ratio': 1.0, 'unique_remote_ports_connected_to': 0.0, 'unique_local_ports_used': 0.0, 'unique_remote_ports_connected_from': 0.0, 'unique_local_ports_listening_on': 0.0, 'ever_connected_to_privileged_port': 0.0, 'ever_listened_on_privileged_port': 0.0, 'unique_http_versions_used': 0.0, 'most_freq_http_version': 3.0, 'unique_http_status_codes_seen': 0.0, 'has_http_error_4xx': 0.0, 'has_http_error_5xx': 0.0, 'unique_ssl_versions_used': 0.0, 'most_freq_ssl_version': 5.0, 'unique_ssl_ciphers_used': 0.0, 'has_ssl_resumption': 0.0, 'has_ssl_server_name': 0.0, 'has_ssl_history': 0.0}.
2025-06-02 12:05:37,881 - DEBUG - Added node: 23.219.73.188 with attributes {'most_freq_proto': 0.0, 'most_freq_conn_state': 4.0, 'top_proto_1': 0.0, 'service_1': 2.0, 'service_2': 8.0, 'service_3': 8.0, 'top_user_agent_1': 8.0, 'first_seen_hour_minute_sin': -0.177944, 'first_seen_hour_minute_cos': -0.984041, 'last_seen_hour_minute_sin': 0.0784591, 'last_seen_hour_minute_cos': -0.996917, 'outgoing_connection_ratio': 0.0, 'incoming_connection_ratio': 1.0, 'unique_remote_ports_connected_to': 0.0, 'unique_local_ports_used': 0.0, 'unique_remote_ports_connected_from': 0.0, 'unique_local_ports_listening_on': 0.0, 'ever_connected_to_privileged_port': 0.0, 'ever_listened_on_privileged_port': 0.0, 'unique_http_versions_used': 0.0, 'most_freq_http_version': 3.0, 'unique_http_status_codes_seen': 0.0, 'has_http_error_4xx': 0.0, 'has_http_error_5xx': 0.0, 'unique_ssl_versions_used': 1.0, 'most_freq_ssl_version': 4.0, 'unique_ssl_ciphers_used': 1.0, 'has_ssl_resumption': 0.0, 'has_ssl_server_name': 1.0, 'has_ssl_history': 0.0}.
2025-06-02 12:05:37,881 - DEBUG - Updated node: 184.85.119.137 with attributes {'most_freq_proto': 0.0, 'most_freq_conn_state': 4.0, 'top_proto_1': 0.0, 'service_1': 2.0, 'service_2': 8.0, 'service_3': 8.0, 'top_user_agent_1': 8.0, 'first_seen_hour_minute_sin': -0.177944, 'first_seen_hour_minute_cos': -0.984041, 'last_seen_hour_minute_sin': 0.0828082, 'last_seen_hour_minute_cos': -0.996566, 'outgoing_connection_ratio': 0.0, 'incoming_connection_ratio': 1.0, 'unique_remote_ports_connected_to': 0.0, 'unique_local_ports_used': 0.0, 'unique_remote_ports_connected_from': 0.0, 'unique_local_ports_listening_on': 0.0, 'ever_connected_to_privileged_port': 0.0, 'ever_listened_on_privileged_port': 0.0, 'unique_http_versions_used': 0.0, 'most_freq_http_version': 3.0, 'unique_http_status_codes_seen': 0.0, 'has_http_error_4xx': 0.0, 'has_http_error_5xx': 0.0, 'unique_ssl_versions_used': 1.0, 'most_freq_ssl_version': 4.0, 'unique_ssl_ciphers_used': 1.0, 'has_ssl_resumption': 0.0, 'has_ssl_server_name': 1.0, 'has_ssl_history': 0.0}.
2025-06-02 12:05:37,881 - DEBUG - Updated node: 199.232.210.172 with attributes {'most_freq_proto': 0.0, 'most_freq_conn_state': 2.0, 'top_proto_1': 0.0, 'service_1': 0.0, 'service_2': 8.0, 'service_3': 8.0, 'top_user_agent_1': 8.0, 'first_seen_hour_minute_sin': -0.177944, 'first_seen_hour_minute_cos': -0.984041, 'last_seen_hour_minute_sin': 0.0828082, 'last_seen_hour_minute_cos': -0.996566, 'outgoing_connection_ratio': 0.0, 'incoming_connection_ratio': 1.0, 'unique_remote_ports_connected_to': 0.0, 'unique_local_ports_used': 0.0, 'unique_remote_ports_connected_from': 0.0, 'unique_local_ports_listening_on': 0.0, 'ever_connected_to_privileged_port': 0.0, 'ever_listened_on_privileged_port': 0.0, 'unique_http_versions_used': 0.0, 'most_freq_http_version': 3.0, 'unique_http_status_codes_seen': 0.0, 'has_http_error_4xx': 0.0, 'has_http_error_5xx': 0.0, 'unique_ssl_versions_used': 0.0, 'most_freq_ssl_version': 5.0, 'unique_ssl_ciphers_used': 0.0, 'has_ssl_resumption': 0.0, 'has_ssl_server_name': 0.0, 'has_ssl_history': 0.0}.
2025-06-02 12:05:37,881 - DEBUG - Updated node: 23.203.22.85 with attributes {'most_freq_proto': 0.0, 'most_freq_conn_state': 4.0, 'top_proto_1': 0.0, 'service_1': 2.0, 'service_2': 8.0, 'service_3': 8.0, 'top_user_agent_1': 8.0, 'first_seen_hour_minute_sin': -0.177944, 'first_seen_hour_minute_cos': -0.984041, 'last_seen_hour_minute_sin': 0.0828082, 'last_seen_hour_minute_cos': -0.996566, 'outgoing_connection_ratio': 0.0, 'incoming_connection_ratio': 1.0, 'unique_remote_ports_connected_to': 0.0, 'unique_local_ports_used': 0.0, 'unique_remote_ports_connected_from': 0.0, 'unique_local_ports_listening_on': 0.0, 'ever_connected_to_privileged_port': 0.0, 'ever_listened_on_privileged_port': 0.0, 'unique_http_versions_used': 0.0, 'most_freq_http_version': 3.0, 'unique_http_status_codes_seen': 0.0, 'has_http_error_4xx': 0.0, 'has_http_error_5xx': 0.0, 'unique_ssl_versions_used': 1.0, 'most_freq_ssl_version': 4.0, 'unique_ssl_ciphers_used': 1.0, 'has_ssl_resumption': 0.0, 'has_ssl_server_name': 1.0, 'has_ssl_history': 0.0}.
2025-06-02 12:05:37,881 - DEBUG - Updated node: 192.168.27.11 with attributes {'most_freq_proto': 0.0, 'most_freq_conn_state': 4.0, 'top_proto_1': 0.0, 'service_1': 0.0, 'service_2': 3.0, 'service_3': 2.0, 'top_user_agent_1': 8.0, 'first_seen_hour_minute_sin': -0.177944, 'first_seen_hour_minute_cos': -0.984041, 'last_seen_hour_minute_sin': 0.0784591, 'last_seen_hour_minute_cos': -0.996917, 'outgoing_connection_ratio': 1.0, 'incoming_connection_ratio': 0.0, 'unique_remote_ports_connected_to': 0.0, 'unique_local_ports_used': 0.0, 'unique_remote_ports_connected_from': 0.0, 'unique_local_ports_listening_on': 0.0, 'ever_connected_to_privileged_port': 0.0, 'ever_listened_on_privileged_port': 0.0, 'unique_http_versions_used': 0.0, 'most_freq_http_version': 3.0, 'unique_http_status_codes_seen': 0.0, 'has_http_error_4xx': 0.0, 'has_http_error_5xx': 0.0, 'unique_ssl_versions_used': 1.0, 'most_freq_ssl_version': 4.0, 'unique_ssl_ciphers_used': 1.0, 'has_ssl_resumption': 0.0, 'has_ssl_server_name': 1.0, 'has_ssl_history': 0.0}.
2025-06-02 12:05:37,881 - INFO - Processing edge updates/additions.
2025-06-02 12:05:37,881 - DEBUG - Added edge: '192.168.27.12' -> '8.8.8.8' with key=0 and attributes {'protocol_UNKNOWN': 0.0, 'protocol_TCP': 0.0, 'protocol_UDP': 1.0, 'protocol_ICMP': 0.0, 'conn_state_successful': 1.0, 'conn_state_rejected_reset': 0.0, 'conn_state_partial_other_unknown': 0.0}.
2025-06-02 12:05:37,881 - DEBUG - Added edge: '192.168.27.13' -> '192.168.239.101' with key=0 and attributes {'protocol_UNKNOWN': 0.0, 'protocol_TCP': 1.0, 'protocol_UDP': 0.0, 'protocol_ICMP': 0.0, 'conn_state_successful': 1.0, 'conn_state_rejected_reset': 0.0, 'conn_state_partial_other_unknown': 0.0}.
2025-06-02 12:05:37,881 - DEBUG - Added edge: '192.168.27.13' -> '192.168.239.101' with key=1 and attributes {'protocol_UNKNOWN': 0.0, 'protocol_TCP': 1.0, 'protocol_UDP': 0.0, 'protocol_ICMP': 0.0, 'conn_state_successful': 1.0, 'conn_state_rejected_reset': 0.0, 'conn_state_partial_other_unknown': 0.0}.
2025-06-02 12:05:37,881 - DEBUG - Added edge: '192.168.27.13' -> '1.1.1.1' with key=0 and attributes {'protocol_UNKNOWN': 0.0, 'protocol_TCP': 0.0, 'protocol_UDP': 1.0, 'protocol_ICMP': 0.0, 'conn_state_successful': 1.0, 'conn_state_rejected_reset': 0.0, 'conn_state_partial_other_unknown': 0.0}.
2025-06-02 12:05:37,881 - DEBUG - Updated edge: '192.168.27.11' -> '23.203.22.85' with key=0 and attributes {'protocol_UNKNOWN': 0.0, 'protocol_TCP': 1.0, 'protocol_UDP': 0.0, 'protocol_ICMP': 0.0, 'conn_state_successful': 0.0, 'conn_state_rejected_reset': 1.0, 'conn_state_partial_other_unknown': 0.0}.
2025-06-02 12:05:37,881 - DEBUG - Updated edge: '192.168.27.11' -> '23.203.22.85' with key=1 and attributes {'protocol_UNKNOWN': 0.0, 'protocol_TCP': 1.0, 'protocol_UDP': 0.0, 'protocol_ICMP': 0.0, 'conn_state_successful': 0.0, 'conn_state_rejected_reset': 1.0, 'conn_state_partial_other_unknown': 0.0}.
2025-06-02 12:05:37,881 - DEBUG - Updated edge: '192.168.27.11' -> '1.1.1.1' with key=0 and attributes {'protocol_UNKNOWN': 0.0, 'protocol_TCP': 0.0, 'protocol_UDP': 1.0, 'protocol_ICMP': 0.0, 'conn_state_successful': 1.0, 'conn_state_rejected_reset': 0.0, 'conn_state_partial_other_unknown': 0.0}.
2025-06-02 12:05:37,881 - DEBUG - Updated edge: '192.168.27.11' -> '1.1.1.1' with key=1 and attributes {'protocol_UNKNOWN': 0.0, 'protocol_TCP': 0.0, 'protocol_UDP': 1.0, 'protocol_ICMP': 0.0, 'conn_state_successful': 1.0, 'conn_state_rejected_reset': 0.0, 'conn_state_partial_other_unknown': 0.0}.
2025-06-02 12:05:37,881 - DEBUG - Added edge: '192.168.27.11' -> '1.1.1.1' with key=2 and attributes {'protocol_UNKNOWN': 0.0, 'protocol_TCP': 0.0, 'protocol_UDP': 1.0, 'protocol_ICMP': 0.0, 'conn_state_successful': 1.0, 'conn_state_rejected_reset': 0.0, 'conn_state_partial_other_unknown': 0.0}.
2025-06-02 12:05:37,881 - DEBUG - Added edge: '192.168.27.11' -> '1.1.1.1' with key=3 and attributes {'protocol_UNKNOWN': 0.0, 'protocol_TCP': 0.0, 'protocol_UDP': 1.0, 'protocol_ICMP': 0.0, 'conn_state_successful': 1.0, 'conn_state_rejected_reset': 0.0, 'conn_state_partial_other_unknown': 0.0}.
2025-06-02 12:05:37,881 - DEBUG - Added edge: '192.168.27.11' -> '1.1.1.1' with key=4 and attributes {'protocol_UNKNOWN': 0.0, 'protocol_TCP': 0.0, 'protocol_UDP': 1.0, 'protocol_ICMP': 0.0, 'conn_state_successful': 1.0, 'conn_state_rejected_reset': 0.0, 'conn_state_partial_other_unknown': 0.0}.
2025-06-02 12:05:37,881 - DEBUG - Updated edge: '192.168.27.11' -> '199.232.210.172' with key=0 and attributes {'protocol_UNKNOWN': 0.0, 'protocol_TCP': 1.0, 'protocol_UDP': 0.0, 'protocol_ICMP': 0.0, 'conn_state_successful': 1.0, 'conn_state_rejected_reset': 0.0, 'conn_state_partial_other_unknown': 0.0}.
2025-06-02 12:05:37,881 - DEBUG - Updated edge: '192.168.27.11' -> '23.200.152.33' with key=0 and attributes {'protocol_UNKNOWN': 0.0, 'protocol_TCP': 1.0, 'protocol_UDP': 0.0, 'protocol_ICMP': 0.0, 'conn_state_successful': 1.0, 'conn_state_rejected_reset': 0.0, 'conn_state_partial_other_unknown': 0.0}.
2025-06-02 12:05:37,881 - DEBUG - Updated edge: '192.168.27.11' -> '23.200.152.33' with key=1 and attributes {'protocol_UNKNOWN': 0.0, 'protocol_TCP': 1.0, 'protocol_UDP': 0.0, 'protocol_ICMP': 0.0, 'conn_state_successful': 1.0, 'conn_state_rejected_reset': 0.0, 'conn_state_partial_other_unknown': 0.0}.
2025-06-02 12:05:37,882 - DEBUG - Updated edge: '192.168.27.11' -> '23.219.73.192' with key=0 and attributes {'protocol_UNKNOWN': 0.0, 'protocol_TCP': 1.0, 'protocol_UDP': 0.0, 'protocol_ICMP': 0.0, 'conn_state_successful': 0.0, 'conn_state_rejected_reset': 1.0, 'conn_state_partial_other_unknown': 0.0}.
2025-06-02 12:05:37,882 - DEBUG - Updated edge: '192.168.27.11' -> '184.85.119.137' with key=0 and attributes {'protocol_UNKNOWN': 0.0, 'protocol_TCP': 1.0, 'protocol_UDP': 0.0, 'protocol_ICMP': 0.0, 'conn_state_successful': 0.0, 'conn_state_rejected_reset': 1.0, 'conn_state_partial_other_unknown': 0.0}.
2025-06-02 12:05:37,882 - DEBUG - Added edge: '192.168.27.11' -> '184.85.119.137' with key=1 and attributes {'protocol_UNKNOWN': 0.0, 'protocol_TCP': 1.0, 'protocol_UDP': 0.0, 'protocol_ICMP': 0.0, 'conn_state_successful': 0.0, 'conn_state_rejected_reset': 1.0, 'conn_state_partial_other_unknown': 0.0}.
2025-06-02 12:05:37,882 - DEBUG - Added edge: '192.168.27.11' -> '23.219.73.188' with key=0 and attributes {'protocol_UNKNOWN': 0.0, 'protocol_TCP': 1.0, 'protocol_UDP': 0.0, 'protocol_ICMP': 0.0, 'conn_state_successful': 0.0, 'conn_state_rejected_reset': 1.0, 'conn_state_partial_other_unknown': 0.0}.
2025-06-02 12:05:37,882 - DEBUG - Added edge: '192.168.27.11' -> '23.219.73.188' with key=1 and attributes {'protocol_UNKNOWN': 0.0, 'protocol_TCP': 1.0, 'protocol_UDP': 0.0, 'protocol_ICMP': 0.0, 'conn_state_successful': 0.0, 'conn_state_rejected_reset': 1.0, 'conn_state_partial_other_unknown': 0.0}.
2025-06-02 12:05:37,882 - DEBUG - Added edge: '192.168.27.11' -> '23.219.73.188' with key=2 and attributes {'protocol_UNKNOWN': 0.0, 'protocol_TCP': 1.0, 'protocol_UDP': 0.0, 'protocol_ICMP': 0.0, 'conn_state_successful': 0.0, 'conn_state_rejected_reset': 1.0, 'conn_state_partial_other_unknown': 0.0}.
2025-06-02 12:05:37,882 - DEBUG - Added edge: '192.168.27.11' -> '23.219.73.188' with key=3 and attributes {'protocol_UNKNOWN': 0.0, 'protocol_TCP': 1.0, 'protocol_UDP': 0.0, 'protocol_ICMP': 0.0, 'conn_state_successful': 0.0, 'conn_state_rejected_reset': 1.0, 'conn_state_partial_other_unknown': 0.0}.
2025-06-02 12:05:37,882 - DEBUG - Added edge: '192.168.27.11' -> '23.219.73.188' with key=4 and attributes {'protocol_UNKNOWN': 0.0, 'protocol_TCP': 1.0, 'protocol_UDP': 0.0, 'protocol_ICMP': 0.0, 'conn_state_successful': 0.0, 'conn_state_rejected_reset': 1.0, 'conn_state_partial_other_unknown': 0.0}.
2025-06-02 12:05:37,882 - DEBUG - Added edge: '192.168.27.11' -> '173.223.86.127' with key=0 and attributes {'protocol_UNKNOWN': 0.0, 'protocol_TCP': 1.0, 'protocol_UDP': 0.0, 'protocol_ICMP': 0.0, 'conn_state_successful': 0.0, 'conn_state_rejected_reset': 1.0, 'conn_state_partial_other_unknown': 0.0}.
2025-06-02 12:05:37,882 - INFO - Processing deletions (nodes and edges).
2025-06-02 12:05:37,882 - INFO - Finished updating NetworkX graph.
2025-06-02 12:05:37,882 - INFO - Starting NetworkX to PyG conversion.
2025-06-02 12:05:37,882 - DEBUG - Sorted node attribute keys: ['ever_connected_to_privileged_port', 'ever_listened_on_privileged_port', 'first_seen_hour_minute_cos', 'first_seen_hour_minute_sin', 'has_http_error_4xx', 'has_http_error_5xx', 'has_ssl_history', 'has_ssl_resumption', 'has_ssl_server_name', 'incoming_connection_ratio', 'last_seen_hour_minute_cos', 'last_seen_hour_minute_sin', 'most_freq_conn_state', 'most_freq_http_version', 'most_freq_proto', 'most_freq_ssl_version', 'outgoing_connection_ratio', 'service_1', 'service_2', 'service_3', 'top_proto_1', 'top_user_agent_1', 'unique_http_status_codes_seen', 'unique_http_versions_used', 'unique_local_ports_listening_on', 'unique_local_ports_used', 'unique_remote_ports_connected_from', 'unique_remote_ports_connected_to', 'unique_ssl_ciphers_used', 'unique_ssl_versions_used']
2025-06-02 12:05:37,882 - DEBUG - Initial node features tensor shape: torch.Size([13, 30])
2025-06-02 12:05:37,882 - INFO - No node feature scaling applied.
2025-06-02 12:05:37,882 - DEBUG - Node features tensor shape after scaling: torch.Size([13, 30])
2025-06-02 12:05:37,883 - DEBUG - Edge index tensor shape: torch.Size([2, 23])
2025-06-02 12:05:37,883 - DEBUG - Sorted edge attribute keys: ['conn_state_partial_other_unknown', 'conn_state_rejected_reset', 'conn_state_successful', 'protocol_ICMP', 'protocol_TCP', 'protocol_UDP', 'protocol_UNKNOWN']
2025-06-02 12:05:37,883 - DEBUG - Initial edge attributes tensor shape: torch.Size([23, 7])
2025-06-02 12:05:37,883 - INFO - No edge attributes found.
2025-06-02 12:05:37,883 - INFO - Successfully converted NetworkX graph to PyG Data object.
2025-06-02 12:05:37,883 - INFO - Updated main graph to 13 nodes and 23 edges.
2025-06-02 12:05:37,883 - INFO - Performing online update...
2025-06-02 12:05:37,883 - INFO - Starting online update for 25 steps.
2025-06-02 12:05:37,890 - DEBUG - Updated RunningStats: new_mean=32886973.960424285, new_var=3.264855101780238e+16, new_n=7976
2025-06-02 12:05:37,890 - DEBUG - Updated RunningStats: new_mean=32763740.23516007, new_var=3.2404767216876172e+16, new_n=8006
2025-06-02 12:05:37,891 - DEBUG - Updated RunningStats: new_mean=0.29733669911063765, new_var=19180000000000.508, new_n=1925
2025-06-02 12:05:37,891 - DEBUG - Updated RunningStats: new_mean=0.29727515403912147, new_var=19250000000000.418, new_n=1932
2025-06-02 12:05:37,891 - DEBUG - Adding data to replay buffer. Has edge_index: True
2025-06-02 12:05:37,891 - DEBUG - Online update step: 1/25
2025-06-02 12:05:37,891 - WARNING - No training batch available in replay buffer. Skipping this step.
2025-06-02 12:05:37,891 - DEBUG - Online update step: 2/25
2025-06-02 12:05:37,891 - WARNING - No training batch available in replay buffer. Skipping this step.
2025-06-02 12:05:37,891 - DEBUG - Online update step: 3/25
2025-06-02 12:05:37,891 - WARNING - No training batch available in replay buffer. Skipping this step.
2025-06-02 12:05:37,891 - DEBUG - Online update step: 4/25
2025-06-02 12:05:37,891 - WARNING - No training batch available in replay buffer. Skipping this step.
2025-06-02 12:05:37,892 - DEBUG - Online update step: 5/25
2025-06-02 12:05:37,892 - WARNING - No training batch available in replay buffer. Skipping this step.
2025-06-02 12:05:37,892 - DEBUG - Online update step: 6/25
2025-06-02 12:05:37,892 - WARNING - No training batch available in replay buffer. Skipping this step.
2025-06-02 12:05:37,892 - DEBUG - Online update step: 7/25
2025-06-02 12:05:37,892 - WARNING - No training batch available in replay buffer. Skipping this step.
2025-06-02 12:05:37,892 - DEBUG - Online update step: 8/25
2025-06-02 12:05:37,892 - WARNING - No training batch available in replay buffer. Skipping this step.
2025-06-02 12:05:37,892 - DEBUG - Online update step: 9/25
2025-06-02 12:05:37,892 - WARNING - No training batch available in replay buffer. Skipping this step.
2025-06-02 12:05:37,892 - DEBUG - Online update step: 10/25
2025-06-02 12:05:37,892 - WARNING - No training batch available in replay buffer. Skipping this step.
2025-06-02 12:05:37,892 - DEBUG - Online update step: 11/25
2025-06-02 12:05:37,892 - WARNING - No training batch available in replay buffer. Skipping this step.
2025-06-02 12:05:37,892 - DEBUG - Online update step: 12/25
2025-06-02 12:05:37,892 - WARNING - No training batch available in replay buffer. Skipping this step.
2025-06-02 12:05:37,892 - DEBUG - Online update step: 13/25
2025-06-02 12:05:37,892 - WARNING - No training batch available in replay buffer. Skipping this step.
2025-06-02 12:05:37,892 - DEBUG - Online update step: 14/25
2025-06-02 12:05:37,892 - WARNING - No training batch available in replay buffer. Skipping this step.
2025-06-02 12:05:37,892 - DEBUG - Online update step: 15/25
2025-06-02 12:05:37,892 - WARNING - No training batch available in replay buffer. Skipping this step.
2025-06-02 12:05:37,892 - DEBUG - Online update step: 16/25
2025-06-02 12:05:37,892 - WARNING - No training batch available in replay buffer. Skipping this step.
2025-06-02 12:05:37,892 - DEBUG - Online update step: 17/25
2025-06-02 12:05:37,892 - WARNING - No training batch available in replay buffer. Skipping this step.
2025-06-02 12:05:37,892 - DEBUG - Online update step: 18/25
2025-06-02 12:05:37,892 - WARNING - No training batch available in replay buffer. Skipping this step.
2025-06-02 12:05:37,892 - DEBUG - Online update step: 19/25
2025-06-02 12:05:37,892 - WARNING - No training batch available in replay buffer. Skipping this step.
2025-06-02 12:05:37,892 - DEBUG - Online update step: 20/25
2025-06-02 12:05:37,892 - WARNING - No training batch available in replay buffer. Skipping this step.
2025-06-02 12:05:37,892 - DEBUG - Online update step: 21/25
2025-06-02 12:05:37,892 - WARNING - No training batch available in replay buffer. Skipping this step.
2025-06-02 12:05:37,892 - DEBUG - Online update step: 22/25
2025-06-02 12:05:37,892 - WARNING - No training batch available in replay buffer. Skipping this step.
2025-06-02 12:05:37,893 - DEBUG - Online update step: 23/25
2025-06-02 12:05:37,893 - WARNING - No training batch available in replay buffer. Skipping this step.
2025-06-02 12:05:37,893 - DEBUG - Online update step: 24/25
2025-06-02 12:05:37,893 - WARNING - No training batch available in replay buffer. Skipping this step.
2025-06-02 12:05:37,893 - DEBUG - Online update step: 25/25
2025-06-02 12:05:37,893 - WARNING - No training batch available in replay buffer. Skipping this step.
2025-06-02 12:05:37,893 - WARNING - No successful steps during online update.
2025-06-02 12:05:37,893 - DEBUG - Current node mean: [ 0.          0.         -0.9837991  -0.17926463  0.          0.
  0.          0.          0.61538464  0.7692308  -0.996755    0.08046638
  2.9230769   2.6923077   0.23076923  4.3846154   0.23076923  1.7692307
  6.6153846   7.076923    0.23076923  7.4615383   0.15384616  0.15384616
  0.          0.          0.          0.          0.61538464  0.61538464], current edge mean: [0.         0.47826087 0.5217391  0.         0.6956522  0.3043478
 0.        ]
2025-06-02 12:05:37,894 - DEBUG - Updated reference mean: node=[ 0.          0.         -0.9837991  -0.17926463  0.          0.
  0.          0.          0.61538464  0.7692308  -0.996755    0.08046638
  2.9230769   2.6923077   0.23076923  4.3846154   0.23076923  1.7692307
  6.6153846   7.076923    0.23076923  7.4615383   0.15384616  0.15384616
  0.          0.          0.          0.          0.61538464  0.61538464], edge=[0.         0.47826087 0.5217391  0.         0.6956522  0.3043478
 0.        ]
2025-06-02 12:05:37,894 - DEBUG - Updated reference std: node=[0.0000000e+00 0.0000000e+00 3.7755666e-04 2.0618082e-03 0.0000000e+00
 0.0000000e+00 0.0000000e+00 0.0000000e+00 5.0636971e-01 4.3852901e-01
 1.8213106e-04 2.2566360e-03 1.0377491e+00 7.5106764e-01 4.3852901e-01
 5.0636971e-01 4.3852901e-01 1.1657505e+00 2.6626573e+00 2.2532029e+00
 4.3852901e-01 1.9414507e+00 3.7553382e-01 3.7553382e-01 0.0000000e+00
 0.0000000e+00 0.0000000e+00 0.0000000e+00 5.0636971e-01 5.0636971e-01], edge=[0.         0.5107539  0.5107539  0.         0.47047198 0.47047198
 0.        ]
2025-06-02 12:05:37,895 - INFO - Online update complete. Loss: 0.0000
2025-06-02 12:05:37,895 - INFO - Running anomaly detection...
2025-06-02 12:05:37,895 - INFO - Starting anomaly detection.
2025-06-02 12:05:38,007 - DEBUG - Node reconstruction errors: [ 9.364587   8.105721   9.240228   9.100336   8.132705   9.100336
  4.649003   9.999643  10.074694   4.2949433  4.7264857  9.364587
  8.8656   ]
2025-06-02 12:05:38,012 - DEBUG - Edge reconstruction errors: [0.22209701 0.22209701 0.2371166  0.2371166  0.2371166  0.2371166
 0.2371166  0.21267566 0.2268784  0.2268784  0.19816524 0.22209701
 0.22209701 0.24022113 0.24022113 0.24022113 0.24022113 0.24022113
 0.19816524 0.2707781  0.23037477 0.23037477 0.16660704]
2025-06-02 12:05:38,071 - ERROR - Error saving anomalies to file: [Errno 2] No such file or directory: 'anomaly_logs/anomalies_20250602_120538_update_2.json'
