2025-06-03 12:38:27,679 - INFO - Application logging to file: logs/app_20250603_123827.log
2025-06-03 12:38:27,679 - INFO - Starting to monitor directory: /home/lu/Desktop/output/ with log level: DEBUG
2025-06-03 12:38:27,680 - INFO - Starting processing of existing directory: /home/lu/Desktop/output/, Train Mode: train
2025-06-03 12:38:27,680 - INFO - 
--- Processing file: nw_graph_encoded_1748945537.dot (Timestamp: 2025-06-03 12:12:17) ---
2025-06-03 12:38:27,680 - INFO - Processing update from: /home/lu/Desktop/output/nw_graph_encoded_1748945537.dot
2025-06-03 12:38:27,680 - INFO - Processing /home/lu/Desktop/output/nw_graph_encoded_1748945537.dot file.
2025-06-03 12:38:27,684 - INFO - Parsed 260 nodes.
2025-06-03 12:38:27,689 - INFO - Parsed 412 edges.
2025-06-03 12:38:27,731 - INFO - Starting NetworkX to PyG conversion.
2025-06-03 12:38:27,731 - DEBUG - Sorted node attribute keys: ['outgoing_ratio', 'incoming_ratio', 'server_score', 'client_score', 'unique_protocols', 'protocol_entropy', 'most_freq_proto_ratio', 'unique_remote_ports', 'unique_local_ports', 'remote_port_diversity', 'local_port_diversity', 'privileged_remote_ratio', 'privileged_local_ratio', 'first_seen_hour_minute_sin', 'first_seen_hour_minute_cos', 'last_seen_hour_minute_sin', 'last_seen_hour_minute_cos', 'http_ratio', 'ssl_ratio']
2025-06-03 12:38:27,733 - DEBUG - Initial node features tensor shape: torch.Size([260, 19])
2025-06-03 12:38:27,757 - INFO - Numerical Node Features (x) after initial standard scaling.
2025-06-03 12:38:27,762 - DEBUG - Node features tensor shape after scaling: torch.Size([260, 19])
2025-06-03 12:38:27,763 - DEBUG - Edge index tensor shape: torch.Size([2, 412])
2025-06-03 12:38:27,763 - DEBUG - Sorted edge attribute keys: ['dst_port', 'count', 'total_orig_bytes', 'total_resp_bytes', 'total_orig_pkts', 'total_resp_pkts', 'total_orig_ip_bytes', 'total_resp_ip_bytes', 'protocol', 'service']
2025-06-03 12:38:27,765 - INFO - Fitted and transformed categorical edge feature: protocol. Unique values: 3
2025-06-03 12:38:27,769 - INFO - Fitted and transformed categorical edge feature: service. Unique values: 7
2025-06-03 12:38:27,770 - DEBUG - Shape of encoded categorical edge features: torch.Size([412, 2])
2025-06-03 12:38:27,773 - INFO - Numerical Edge Attributes after initial standard scaling.
2025-06-03 12:38:27,774 - DEBUG - Shape of scaled numerical edge features: torch.Size([412, 20])
2025-06-03 12:38:27,774 - DEBUG - Final edge attributes tensor shape: torch.Size([412, 22])
2025-06-03 12:38:27,775 - INFO - Successfully converted NetworkX graph to PyG Data object.
2025-06-03 12:38:27,775 - INFO - Initializing HybridGNNAnomalyDetector with node_dim=19, edge_dim=22, hidden_dim=128, embedding_dim=64, heads=4, num_gat_layers=3, gat_heads=4, recon_loss_type=mse, edge_recon_loss_type=bce
2025-06-03 12:38:27,775 - INFO - Initializing GraphAutoencoder with node_dim=19, edge_dim=22, hidden_dim=128, embedding_dim=64, num_gat_layers=3, gat_heads=4, use_batch_norm=True, use_residual=True
2025-06-03 12:38:27,820 - DEBUG - Encoder GATConv layers initialized with final embedding dimension: 64
2025-06-03 12:38:27,821 - DEBUG - Decoder MLP layers initialized with proper weight initialization.
2025-06-03 12:38:27,824 - DEBUG - Anomaly scoring MLPs initialized.
2025-06-03 12:38:27,824 - INFO - Optimizer (AdamW) and scheduler (CosineAnnealingWarmRestarts) initialized.
2025-06-03 12:38:27,824 - INFO - Replay buffer initialized with maxlen=2000, batch_size=8
2025-06-03 12:38:27,824 - INFO - RunningStats initialized.
2025-06-03 12:38:27,824 - INFO - RunningStats initialized.
2025-06-03 12:38:27,824 - INFO - Statistical controls initialized: drift_threshold=0.15
2025-06-03 12:38:27,825 - INFO - Using device: cpu
2025-06-03 12:38:27,825 - INFO - Initialized Hybrid GNN (node_dim=19, edge_dim=22)
2025-06-03 12:38:27,825 - INFO - Performing initial training for 100 epochs...
2025-06-03 12:38:27,825 - WARNING - Feature statistics not yet available for normalization. Skipping normalization.
2025-06-03 12:38:27,852 - DEBUG - Node anomaly scores shape: torch.Size([260, 1])
2025-06-03 12:38:27,853 - DEBUG - Edge anomaly scores shape: torch.Size([412, 1])
2025-06-03 12:38:27,854 - DEBUG - Global anomaly score shape: torch.Size([1, 1])
2025-06-03 12:38:27,870 - INFO - Epoch 1/100, Loss: 31.0851
2025-06-03 12:38:27,871 - WARNING - Feature statistics not yet available for normalization. Skipping normalization.
2025-06-03 12:38:27,885 - DEBUG - Node anomaly scores shape: torch.Size([260, 1])
2025-06-03 12:38:27,887 - DEBUG - Edge anomaly scores shape: torch.Size([412, 1])
2025-06-03 12:38:27,887 - DEBUG - Global anomaly score shape: torch.Size([1, 1])
2025-06-03 12:38:27,897 - INFO - Epoch 2/100, Loss: 27.6985
2025-06-03 12:38:27,897 - WARNING - Feature statistics not yet available for normalization. Skipping normalization.
2025-06-03 12:38:27,908 - DEBUG - Node anomaly scores shape: torch.Size([260, 1])
2025-06-03 12:38:27,910 - DEBUG - Edge anomaly scores shape: torch.Size([412, 1])
2025-06-03 12:38:27,910 - DEBUG - Global anomaly score shape: torch.Size([1, 1])
2025-06-03 12:38:27,926 - INFO - Epoch 3/100, Loss: 28.8023
2025-06-03 12:38:27,927 - WARNING - Feature statistics not yet available for normalization. Skipping normalization.
2025-06-03 12:38:27,940 - DEBUG - Node anomaly scores shape: torch.Size([260, 1])
2025-06-03 12:38:27,942 - DEBUG - Edge anomaly scores shape: torch.Size([412, 1])
2025-06-03 12:38:27,942 - DEBUG - Global anomaly score shape: torch.Size([1, 1])
2025-06-03 12:38:27,957 - INFO - Epoch 4/100, Loss: 22.7094
2025-06-03 12:38:27,957 - WARNING - Feature statistics not yet available for normalization. Skipping normalization.
2025-06-03 12:38:27,971 - DEBUG - Node anomaly scores shape: torch.Size([260, 1])
2025-06-03 12:38:27,972 - DEBUG - Edge anomaly scores shape: torch.Size([412, 1])
2025-06-03 12:38:27,973 - DEBUG - Global anomaly score shape: torch.Size([1, 1])
2025-06-03 12:38:27,983 - INFO - Epoch 5/100, Loss: 18.9037
2025-06-03 12:38:27,983 - WARNING - Feature statistics not yet available for normalization. Skipping normalization.
2025-06-03 12:38:27,996 - DEBUG - Node anomaly scores shape: torch.Size([260, 1])
2025-06-03 12:38:27,997 - DEBUG - Edge anomaly scores shape: torch.Size([412, 1])
2025-06-03 12:38:27,997 - DEBUG - Global anomaly score shape: torch.Size([1, 1])
2025-06-03 12:38:28,008 - INFO - Epoch 6/100, Loss: 18.6772
2025-06-03 12:38:28,008 - WARNING - Feature statistics not yet available for normalization. Skipping normalization.
2025-06-03 12:38:28,017 - DEBUG - Node anomaly scores shape: torch.Size([260, 1])
2025-06-03 12:38:28,018 - DEBUG - Edge anomaly scores shape: torch.Size([412, 1])
2025-06-03 12:38:28,018 - DEBUG - Global anomaly score shape: torch.Size([1, 1])
2025-06-03 12:38:28,055 - INFO - Epoch 7/100, Loss: 20.4129
2025-06-03 12:38:28,056 - WARNING - Feature statistics not yet available for normalization. Skipping normalization.
2025-06-03 12:38:28,064 - DEBUG - Node anomaly scores shape: torch.Size([260, 1])
2025-06-03 12:38:28,065 - DEBUG - Edge anomaly scores shape: torch.Size([412, 1])
2025-06-03 12:38:28,065 - DEBUG - Global anomaly score shape: torch.Size([1, 1])
2025-06-03 12:38:28,105 - INFO - Epoch 8/100, Loss: 17.2263
2025-06-03 12:38:28,105 - WARNING - Feature statistics not yet available for normalization. Skipping normalization.
2025-06-03 12:38:28,114 - DEBUG - Node anomaly scores shape: torch.Size([260, 1])
2025-06-03 12:38:28,115 - DEBUG - Edge anomaly scores shape: torch.Size([412, 1])
2025-06-03 12:38:28,115 - DEBUG - Global anomaly score shape: torch.Size([1, 1])
2025-06-03 12:38:28,155 - INFO - Epoch 9/100, Loss: 15.4420
2025-06-03 12:38:28,156 - WARNING - Feature statistics not yet available for normalization. Skipping normalization.
2025-06-03 12:38:28,164 - DEBUG - Node anomaly scores shape: torch.Size([260, 1])
2025-06-03 12:38:28,165 - DEBUG - Edge anomaly scores shape: torch.Size([412, 1])
2025-06-03 12:38:28,165 - DEBUG - Global anomaly score shape: torch.Size([1, 1])
2025-06-03 12:38:28,206 - INFO - Epoch 10/100, Loss: 13.8265
2025-06-03 12:38:28,206 - WARNING - Feature statistics not yet available for normalization. Skipping normalization.
2025-06-03 12:38:28,215 - DEBUG - Node anomaly scores shape: torch.Size([260, 1])
2025-06-03 12:38:28,215 - DEBUG - Edge anomaly scores shape: torch.Size([412, 1])
2025-06-03 12:38:28,216 - DEBUG - Global anomaly score shape: torch.Size([1, 1])
2025-06-03 12:38:28,225 - INFO - Epoch 11/100, Loss: 16.9399
2025-06-03 12:38:28,225 - WARNING - Feature statistics not yet available for normalization. Skipping normalization.
2025-06-03 12:38:28,233 - DEBUG - Node anomaly scores shape: torch.Size([260, 1])
2025-06-03 12:38:28,234 - DEBUG - Edge anomaly scores shape: torch.Size([412, 1])
2025-06-03 12:38:28,234 - DEBUG - Global anomaly score shape: torch.Size([1, 1])
2025-06-03 12:38:28,283 - INFO - Epoch 12/100, Loss: 13.1156
2025-06-03 12:38:28,284 - WARNING - Feature statistics not yet available for normalization. Skipping normalization.
2025-06-03 12:38:28,295 - DEBUG - Node anomaly scores shape: torch.Size([260, 1])
2025-06-03 12:38:28,298 - DEBUG - Edge anomaly scores shape: torch.Size([412, 1])
2025-06-03 12:38:28,298 - DEBUG - Global anomaly score shape: torch.Size([1, 1])
2025-06-03 12:38:28,342 - INFO - Epoch 13/100, Loss: 13.0325
2025-06-03 12:38:28,342 - WARNING - Feature statistics not yet available for normalization. Skipping normalization.
2025-06-03 12:38:28,350 - DEBUG - Node anomaly scores shape: torch.Size([260, 1])
2025-06-03 12:38:28,351 - DEBUG - Edge anomaly scores shape: torch.Size([412, 1])
2025-06-03 12:38:28,351 - DEBUG - Global anomaly score shape: torch.Size([1, 1])
2025-06-03 12:38:28,359 - INFO - Epoch 14/100, Loss: 12.5133
2025-06-03 12:38:28,359 - WARNING - Feature statistics not yet available for normalization. Skipping normalization.
2025-06-03 12:38:28,371 - DEBUG - Node anomaly scores shape: torch.Size([260, 1])
2025-06-03 12:38:28,387 - DEBUG - Edge anomaly scores shape: torch.Size([412, 1])
2025-06-03 12:38:28,387 - DEBUG - Global anomaly score shape: torch.Size([1, 1])
