2025-06-03 11:19:09,316 - INFO - Application logging to file: logs/app_20250603_111909.log
2025-06-03 11:19:09,316 - INFO - Starting to monitor directory: /home/lu/Desktop/output/ with log level: DEBUG
2025-06-03 11:19:09,316 - INFO - Starting processing of existing directory: /home/lu/Desktop/output/, Train Mode: train
2025-06-03 11:19:09,316 - INFO - 
--- Processing file: nw_graph_encoded_1748869365.dot (Timestamp: 2025-06-02 15:02:45) ---
2025-06-03 11:19:09,316 - INFO - Processing update from: /home/lu/Desktop/output/nw_graph_encoded_1748869365.dot
2025-06-03 11:19:09,316 - INFO - Processing /home/lu/Desktop/output/nw_graph_encoded_1748869365.dot file.
2025-06-03 11:19:09,318 - INFO - Parsed 89 nodes.
2025-06-03 11:19:09,319 - INFO - Parsed 133 edges.
2025-06-03 11:19:09,323 - INFO - Starting NetworkX to PyG conversion.
2025-06-03 11:19:09,324 - DEBUG - Sorted node attribute keys: ['outgoing_ratio', 'incoming_ratio', 'server_score', 'client_score', 'unique_protocols', 'protocol_entropy', 'most_freq_proto_ratio', 'unique_remote_ports', 'unique_local_ports', 'remote_port_diversity', 'local_port_diversity', 'privileged_remote_ratio', 'privileged_local_ratio', 'first_seen_hour_minute_sin', 'first_seen_hour_minute_cos', 'last_seen_hour_minute_sin', 'last_seen_hour_minute_cos', 'activity_span_hours', 'connection_consistency', 'http_ratio', 'user_agent_diversity', 'http_error_ratio', 'ssl_ratio', 'ssl_version_diversity', 'ssl_cipher_diversity', 'ssl_resumption_ratio', 'sni_usage_ratio', 'degree_centrality', 'betweenness_centrality', 'clustering_coefficient']
2025-06-03 11:19:09,325 - DEBUG - Initial node features tensor shape: torch.Size([89, 30])
2025-06-03 11:19:09,326 - INFO - Numerical Node Features (x) after initial standard scaling.
2025-06-03 11:19:09,326 - DEBUG - Node features tensor shape after scaling: torch.Size([89, 30])
2025-06-03 11:19:09,326 - DEBUG - Edge index tensor shape: torch.Size([2, 133])
2025-06-03 11:19:09,326 - DEBUG - Sorted edge attribute keys: ['dst_port', 'count', 'total_orig_bytes', 'total_resp_bytes', 'total_orig_pkts', 'total_resp_pkts', 'total_orig_ip_bytes', 'total_resp_ip_bytes', 'protocol', 'service']
2025-06-03 11:19:09,327 - INFO - Fitted and transformed categorical edge feature: protocol. Unique values: 3
2025-06-03 11:19:09,328 - INFO - Fitted and transformed categorical edge feature: service. Unique values: 6
2025-06-03 11:19:09,328 - DEBUG - Shape of encoded categorical edge features: torch.Size([133, 2])
2025-06-03 11:19:09,328 - INFO - Numerical Edge Attributes after initial standard scaling.
2025-06-03 11:19:09,328 - DEBUG - Shape of scaled numerical edge features: torch.Size([133, 20])
2025-06-03 11:19:09,328 - DEBUG - Final edge attributes tensor shape: torch.Size([133, 22])
2025-06-03 11:19:09,328 - INFO - Successfully converted NetworkX graph to PyG Data object.
